{"level":"info","message":"Listening on port 3000"}
{"level":"info","message":"Connected to MongoDB"}
{"level":"info","message":"Hello distributed log files!"}
{"level":"info","message":"Listening on port 3000"}
{"level":"info","message":"Connected to MongoDB"}
{"level":"info","message":"Hello distributed log files!"}
{"level":"info","message":"Listening on port 3000"}
{"level":"info","message":"Connected to MongoDB"}
{"level":"info","message":"Listening on port 3000"}
{"level":"info","message":"Connected to MongoDB"}
{"level":"info","message":"Listening on port 3000"}
{"level":"info","message":"Connected to MongoDB"}
2022-11-04T13:21:55.408Z [right meow!] info: Listening on port 3000
2022-11-04T13:21:55.554Z [right meow!] info: Connected to MongoDB
undefined [undefined] info: Listening on port 3000
undefined [undefined] info: Connected to MongoDB
undefined [undefined] info: Listening on port 3000
undefined [undefined] info: Connected to MongoDB
undefined [undefined] info: Listening on port 3000
undefined [undefined] info: Connected to MongoDB
undefined
undefined
undefined [undefined] info: Listening on port 3000
undefined [undefined] info: Connected to MongoDB
{"level":"info","message":"Listening on port 3000"}
{"level":"info","message":"Connected to MongoDB"}
{"level":"info","message":"Listening on port 3000"}
{"level":"info","message":"Connected to MongoDB"}
{"level":"info","message":"Listening on port 3000"}
{"level":"info","message":"Connected to MongoDB"}
{"level":"info","message":"Listening on port 3000"}
{"level":"info","message":"Connected to MongoDB"}
{"level":"info","message":"Listening on port 3000"}
{"level":"info","message":"Connected to MongoDB"}
{"level":"info","message":"Listening on port 3000"}
{"level":"info","message":"Connected to MongoDB"}
{"level":"info","message":"Connected to MongoDB"}
{"level":"info","message":"Connected to MongoDB"}
{"level":"info","message":"Listening on port 3000"}
{"level":"info","message":"Connected to MongoDB"}
{"level":"info","message":"Listening on port 3000"}
{"level":"info","message":"Connected to mongodb://localhost:27017/vidly"}
{"level":"info","message":"Listening on port 3000"}
{"level":"info","message":"Connected to mongodb://localhost:27017/vidly"}
{"level":"info","message":"Listening on port 3000"}
{"level":"info","message":"Connected to mongodb://localhost:27017/vidly"}
{"level":"info","message":"Listening on port 3000"}
{"level":"info","message":"Connected to mongodb://localhost:27017/vidly_tests"}
{"level":"info","message":"Listening on port 3000"}
{"level":"info","message":"Connected to mongodb://localhost:27017/vidly_tests"}
{"level":"info","message":"Listening on port 3000"}
{"level":"info","message":"Connected to mongodb://localhost:27017/vidly_tests"}
{"level":"info","message":"Listening on port 3000"}
{"level":"info","message":"Connected to mongodb://localhost:27017/vidly_tests"}
{"level":"info","message":"Listening on port 3000"}
{"level":"info","message":"Connected to mongodb://localhost:27017/vidly_tests"}
{"level":"info","message":"Listening on port 3000"}
{"level":"info","message":"Connected to mongodb://localhost:27017/vidly_tests"}
{"level":"info","message":"Listening on port 3000"}
{"level":"info","message":"Connected to mongodb://localhost:27017/vidly_tests"}
{"level":"info","message":"Listening on port 3000"}
{"level":"info","message":"Connected to mongodb://localhost:27017/vidly_tests"}
{"level":"info","message":"Listening on port 3000"}
{"level":"info","message":"Connected to mongodb://localhost:27017/vidly_tests"}
{"level":"info","message":"Listening on port 3000"}
{"level":"info","message":"Connected to mongodb://localhost:27017/vidly_tests"}
{"level":"info","message":"Listening on port 3000"}
{"level":"info","message":"Connected to mongodb://localhost:27017/vidly_tests"}
{"level":"info","message":"Listening on port 3000"}
{"level":"info","message":"Connected to mongodb://localhost:27017/vidly_tests"}
{"level":"info","message":"Listening on port 3000"}
{"level":"info","message":"Connected to mongodb://localhost:27017/vidly_tests"}
{"level":"info","message":"Listening on port 3000"}
{"level":"info","message":"Connected to mongodb://localhost:27017/vidly_tests"}
{"level":"info","message":"Listening on port 3000"}
{"level":"info","message":"Connected to mongodb://localhost:27017/vidly_tests"}
{"level":"info","message":"Listening on port 3000"}
{"level":"info","message":"Connected to mongodb://localhost:27017/vidly_tests"}
{"level":"info","message":"Listening on port 3000"}
{"level":"info","message":"Connected to mongodb://localhost:27017/vidly_tests"}
{"level":"info","message":"Listening on port 3000"}
{"level":"info","message":"Connected to mongodb://localhost:27017/vidly_tests"}
{"level":"info","message":"Listening on port 3000"}
{"level":"info","message":"Connected to mongodb://localhost:27017/vidly_tests"}
{"level":"info","message":"Listening on port 3000"}
{"level":"info","message":"Connected to mongodb://localhost:27017/vidly_tests"}
{"kind":"ObjectId","level":"error","message":"Cast to ObjectId failed for value \"1\" (type string) at path \"_id\" for model \"Genre\" Cast to ObjectId failed for value \"1\" (type string) at path \"_id\" for model \"Genre\"","path":"_id","reason":{},"stack":"CastError: Cast to ObjectId failed for value \"1\" (type string) at path \"_id\" for model \"Genre\"\n    at model.Query.exec (C:\\Users\\andyb\\Desktop\\Learning To Code\\Projects\\Node-JS\\vidly\\node_modules\\mongoose\\lib\\query.js:4891:21)\n    at model.Query.Object.<anonymous>.Query.then (C:\\Users\\andyb\\Desktop\\Learning To Code\\Projects\\Node-JS\\vidly\\node_modules\\mongoose\\lib\\query.js:4990:15)\n    at processTicksAndRejections (node:internal/process/task_queues:96:5)","stringValue":"\"1\"","value":"1","valueType":"string"}
{"level":"info","message":"Listening on port 3000"}
{"level":"info","message":"Connected to mongodb://localhost:27017/vidly_tests"}
{"level":"info","message":"Listening on port 3000"}
{"level":"info","message":"Connected to mongodb://localhost:27017/vidly_tests"}
{"level":"info","message":"Listening on port 3000"}
{"level":"info","message":"Connected to mongodb://localhost:27017/vidly_tests"}
{"level":"info","message":"Listening on port 3000"}
{"level":"info","message":"Connected to mongodb://localhost:27017/vidly_tests"}
{"level":"info","message":"Listening on port 3000"}
{"level":"info","message":"Connected to mongodb://localhost:27017/vidly_tests"}
{"level":"info","message":"Listening on port 3000"}
{"level":"info","message":"Connected to mongodb://localhost:27017/vidly_tests"}
{"level":"info","message":"Listening on port 3000"}
{"level":"info","message":"Connected to mongodb://localhost:27017/vidly_tests"}
{"level":"info","message":"Listening on port 3000"}
{"level":"info","message":"Connected to mongodb://localhost:27017/vidly_tests"}
{"level":"info","message":"Listening on port 3000"}
{"level":"info","message":"Connected to mongodb://localhost:27017/vidly_tests"}
{"level":"info","message":"Listening on port 3000"}
{"level":"info","message":"Connected to mongodb://localhost:27017/vidly_tests"}
{"level":"info","message":"Listening on port 3000"}
{"level":"info","message":"Connected to mongodb://localhost:27017/vidly_tests"}
{"level":"info","message":"Listening on port 3000"}
{"level":"info","message":"Connected to mongodb://localhost:27017/vidly_tests"}
{"level":"info","message":"Listening on port 3000"}
{"level":"info","message":"Connected to mongodb://localhost:27017/vidly_tests"}
{"level":"info","message":"Listening on port 3000"}
{"level":"info","message":"Connected to mongodb://localhost:27017/vidly_tests"}
{"level":"info","message":"Listening on port 3000"}
{"level":"info","message":"Connected to mongodb://localhost:27017/vidly_tests"}
{"level":"info","message":"Listening on port 3000"}
{"level":"info","message":"Connected to mongodb://localhost:27017/vidly_tests"}
{"level":"info","message":"Listening on port 3000"}
{"level":"info","message":"Connected to mongodb://localhost:27017/vidly_tests"}
{"level":"info","message":"Listening on port 3000"}
{"level":"info","message":"Connected to mongodb://localhost:27017/vidly_tests"}
{"level":"info","message":"Listening on port 3000"}
{"level":"info","message":"Connected to mongodb://localhost:27017/vidly_tests"}
{"level":"info","message":"Listening on port 3000"}
{"level":"info","message":"Connected to mongodb://localhost:27017/vidly_tests"}
{"level":"info","message":"Listening on port 3000"}
{"level":"info","message":"Connected to mongodb://localhost:27017/vidly_tests"}
{"level":"info","message":"Listening on port 3000"}
{"level":"info","message":"Connected to mongodb://localhost:27017/vidly_tests"}
{"level":"info","message":"Connected to mongodb://localhost:27017/vidly_tests"}
{"level":"info","message":"Listening on port 3000"}
{"level":"info","message":"Listening on port 3000"}
{"level":"info","message":"Connected to mongodb://localhost:27017/vidly_tests"}
{"level":"info","message":"Listening on port 3000"}
{"level":"info","message":"Connected to mongodb://localhost:27017/vidly_tests"}
{"level":"info","message":"Connected to mongodb://localhost:27017/vidly_tests"}
{"level":"info","message":"Listening on port 3000"}
{"level":"info","message":"Listening on port 3000"}
{"level":"info","message":"Connected to mongodb://localhost:27017/vidly_tests"}
{"level":"info","message":"Listening on port 3000"}
{"level":"info","message":"Connected to mongodb://localhost:27017/vidly_tests"}
{"level":"info","message":"Connected to mongodb://localhost:27017/vidly_tests"}
{"level":"info","message":"Listening on port 3000"}
{"level":"info","message":"Listening on port 3000"}
{"level":"info","message":"Connected to mongodb://localhost:27017/vidly_tests"}
{"level":"info","message":"Listening on port 3000"}
{"level":"info","message":"Connected to mongodb://localhost:27017/vidly_tests"}
{"level":"info","message":"Listening on port 3000"}
{"level":"info","message":"Connected to mongodb://localhost:27017/vidly_tests"}
{"level":"info","message":"Listening on port 3000"}
{"level":"info","message":"Connected to mongodb://localhost:27017/vidly_tests"}
{"level":"info","message":"Listening on port 3000"}
{"level":"info","message":"Connected to mongodb://localhost:27017/vidly_tests"}
{"level":"info","message":"Listening on port 3000"}
{"level":"info","message":"Connected to mongodb://localhost:27017/vidly_tests"}
{"level":"info","message":"Listening on port 3000"}
{"level":"info","message":"Connected to mongodb://localhost:27017/vidly_tests"}
{"level":"info","message":"Listening on port 3000"}
{"level":"info","message":"Connected to mongodb://localhost:27017/vidly_tests"}
{"level":"info","message":"Connected to mongodb://localhost:27017/vidly_tests"}
{"level":"info","message":"Listening on port 3000"}
{"level":"info","message":"Connected to mongodb://localhost:27017/vidly_tests"}
{"level":"info","message":"Listening on port 3000"}
{"level":"info","message":"Listening on port 3000"}
{"level":"info","message":"Connected to mongodb://localhost:27017/vidly_tests"}
{"level":"info","message":"Listening on port 3000"}
{"level":"info","message":"Connected to mongodb://localhost:27017/vidly_tests"}
{"level":"info","message":"Listening on port 3000"}
{"level":"info","message":"Connected to mongodb://localhost:27017/vidly_tests"}
{"level":"info","message":"Listening on port 3000"}
{"level":"info","message":"Connected to mongodb://localhost:27017/vidly_tests"}
{"level":"info","message":"Listening on port 3000"}
{"level":"info","message":"Connected to mongodb://localhost:27017/vidly_tests"}
{"level":"info","message":"Listening on port 3000"}
{"level":"info","message":"Connected to mongodb://localhost:27017/vidly_tests"}
{"level":"info","message":"Listening on port 3000"}
{"level":"info","message":"Connected to mongodb://localhost:27017/vidly_tests"}
{"level":"info","message":"Connected to mongodb://localhost:27017/vidly_tests"}
{"level":"info","message":"Listening on port 3000"}
{"level":"info","message":"Listening on port 3000"}
{"level":"info","message":"Connected to mongodb://localhost:27017/vidly_tests"}
{"level":"info","message":"Listening on port 3000"}
{"level":"info","message":"Connected to mongodb://localhost:27017/vidly_tests"}
{"level":"info","message":"Listening on port 3000"}
{"level":"info","message":"Connected to mongodb://localhost:27017/vidly_tests"}
{"level":"info","message":"Listening on port 3000"}
{"level":"info","message":"Connected to mongodb://localhost:27017/vidly_tests"}
{"level":"info","message":"Listening on port 3000"}
{"level":"info","message":"Connected to mongodb://localhost:27017/vidly_tests"}
{"level":"info","message":"Listening on port 3000"}
{"level":"info","message":"Connected to mongodb://localhost:27017/vidly_tests"}
{"level":"info","message":"Listening on port 3000"}
{"level":"info","message":"Listening on port 3000"}
{"level":"info","message":"Connected to mongodb://localhost:27017/vidly_tests"}
{"level":"info","message":"Connected to mongodb://localhost:27017/vidly_tests"}
{"level":"info","message":"Listening on port 3000"}
{"level":"info","message":"Connected to mongodb://localhost:27017/vidly_tests"}
{"level":"info","message":"Listening on port 3000"}
{"level":"info","message":"Connected to mongodb://localhost:27017/vidly_tests"}
{"level":"info","message":"Listening on port 3000"}
{"level":"info","message":"Connected to mongodb://localhost:27017/vidly_tests"}
{"level":"info","message":"Listening on port 3000"}
{"level":"info","message":"Connected to mongodb://localhost:27017/vidly_tests"}
{"level":"info","message":"Listening on port 3000"}
{"level":"info","message":"Connected to mongodb://localhost:27017/vidly_tests"}
{"level":"info","message":"Listening on port 3000"}
{"level":"info","message":"Connected to mongodb://localhost:27017/vidly_tests"}
{"level":"info","message":"Listening on port 3000"}
{"level":"info","message":"Connected to mongodb://localhost:27017/vidly_tests"}
{"level":"info","message":"Listening on port 3000"}
{"level":"info","message":"Connected to mongodb://localhost:27017/vidly_tests"}
{"level":"info","message":"Listening on port 3000"}
{"level":"info","message":"Connected to mongodb://localhost:27017/vidly_tests"}
{"level":"info","message":"Listening on port 3000"}
{"level":"info","message":"Connected to mongodb://localhost:27017/vidly_tests"}
{"level":"info","message":"Listening on port 3000"}
{"level":"info","message":"Listening on port 3000"}
{"level":"info","message":"Connected to mongodb://localhost:27017/vidly_tests"}
{"level":"info","message":"Connected to mongodb://localhost:27017/vidly_tests"}
{"level":"info","message":"Listening on port 3000"}
{"level":"info","message":"Connected to mongodb://localhost:27017/vidly_tests"}
{"level":"info","message":"Listening on port 3000"}
{"level":"info","message":"Connected to mongodb://localhost:27017/vidly_tests"}
{"kind":"ObjectId","level":"error","message":"Cast to ObjectId failed for value \"1\" (type string) at path \"_id\" for model \"Genre\" Cast to ObjectId failed for value \"1\" (type string) at path \"_id\" for model \"Genre\"","path":"_id","reason":{},"stack":"CastError: Cast to ObjectId failed for value \"1\" (type string) at path \"_id\" for model \"Genre\"\n    at model.Query.exec (C:\\Users\\andyb\\Desktop\\Learning To Code\\Projects\\Node-JS\\vidly\\node_modules\\mongoose\\lib\\query.js:4891:21)\n    at model.Query.Object.<anonymous>.Query.then (C:\\Users\\andyb\\Desktop\\Learning To Code\\Projects\\Node-JS\\vidly\\node_modules\\mongoose\\lib\\query.js:4990:15)\n    at processTicksAndRejections (node:internal/process/task_queues:96:5)","stringValue":"\"1\"","value":"1","valueType":"string"}
{"level":"info","message":"Listening on port 3000"}
{"level":"info","message":"Connected to mongodb://localhost:27017/vidly_tests"}
{"level":"info","message":"Connected to mongodb://localhost:27017/vidly_tests"}
{"level":"info","message":"Listening on port 3000"}
{"kind":"ObjectId","level":"error","message":"Cast to ObjectId failed for value \"1\" (type string) at path \"_id\" for model \"Genre\" Cast to ObjectId failed for value \"1\" (type string) at path \"_id\" for model \"Genre\"","path":"_id","reason":{},"stack":"CastError: Cast to ObjectId failed for value \"1\" (type string) at path \"_id\" for model \"Genre\"\n    at model.Query.exec (C:\\Users\\andyb\\Desktop\\Learning To Code\\Projects\\Node-JS\\vidly\\node_modules\\mongoose\\lib\\query.js:4891:21)\n    at model.Query.Object.<anonymous>.Query.then (C:\\Users\\andyb\\Desktop\\Learning To Code\\Projects\\Node-JS\\vidly\\node_modules\\mongoose\\lib\\query.js:4990:15)\n    at processTicksAndRejections (node:internal/process/task_queues:96:5)","stringValue":"\"1\"","value":"1","valueType":"string"}
{"level":"info","message":"Listening on port 3000"}
{"level":"info","message":"Connected to mongodb://localhost:27017/vidly_tests"}
{"level":"info","message":"Connected to mongodb://localhost:27017/vidly_tests"}
{"level":"info","message":"Listening on port 3000"}
{"level":"error","message":"mongoose.Types.ObjectId(...).isValid is not a function mongoose.Types.ObjectId(...).isValid is not a function","stack":"TypeError: mongoose.Types.ObjectId(...).isValid is not a function\n    at isValid (C:\\Users\\andyb\\Desktop\\Learning To Code\\Projects\\Node-JS\\vidly\\routes\\genres.js:45:36)\n    at newFn (C:\\Users\\andyb\\Desktop\\Learning To Code\\Projects\\Node-JS\\vidly\\node_modules\\express-async-errors\\index.js:16:20)\n    at Layer.handle [as handle_request] (C:\\Users\\andyb\\Desktop\\Learning To Code\\Projects\\Node-JS\\vidly\\node_modules\\express\\lib\\router\\layer.js:95:5)\n    at next (C:\\Users\\andyb\\Desktop\\Learning To Code\\Projects\\Node-JS\\vidly\\node_modules\\express\\lib\\router\\route.js:144:13)\n    at next (C:\\Users\\andyb\\Desktop\\Learning To Code\\Projects\\Node-JS\\vidly\\middleware\\auth.js:11:9)\n    at newFn (C:\\Users\\andyb\\Desktop\\Learning To Code\\Projects\\Node-JS\\vidly\\node_modules\\express-async-errors\\index.js:16:20)\n    at Layer.handle [as handle_request] (C:\\Users\\andyb\\Desktop\\Learning To Code\\Projects\\Node-JS\\vidly\\node_modules\\express\\lib\\router\\layer.js:95:5)\n    at next (C:\\Users\\andyb\\Desktop\\Learning To Code\\Projects\\Node-JS\\vidly\\node_modules\\express\\lib\\router\\route.js:144:13)\n    at Route.dispatch (C:\\Users\\andyb\\Desktop\\Learning To Code\\Projects\\Node-JS\\vidly\\node_modules\\express\\lib\\router\\route.js:114:3)\n    at newFn (C:\\Users\\andyb\\Desktop\\Learning To Code\\Projects\\Node-JS\\vidly\\node_modules\\express-async-errors\\index.js:16:20)\n    at Layer.handle [as handle_request] (C:\\Users\\andyb\\Desktop\\Learning To Code\\Projects\\Node-JS\\vidly\\node_modules\\express\\lib\\router\\layer.js:95:5)\n    at C:\\Users\\andyb\\Desktop\\Learning To Code\\Projects\\Node-JS\\vidly\\node_modules\\express\\lib\\router\\index.js:284:15\n    at param (C:\\Users\\andyb\\Desktop\\Learning To Code\\Projects\\Node-JS\\vidly\\node_modules\\express\\lib\\router\\index.js:365:14)\n    at param (C:\\Users\\andyb\\Desktop\\Learning To Code\\Projects\\Node-JS\\vidly\\node_modules\\express\\lib\\router\\index.js:376:14)\n    at Function.process_params (C:\\Users\\andyb\\Desktop\\Learning To Code\\Projects\\Node-JS\\vidly\\node_modules\\express\\lib\\router\\index.js:421:3)\n    at next (C:\\Users\\andyb\\Desktop\\Learning To Code\\Projects\\Node-JS\\vidly\\node_modules\\express\\lib\\router\\index.js:280:10)\n    at Function.handle (C:\\Users\\andyb\\Desktop\\Learning To Code\\Projects\\Node-JS\\vidly\\node_modules\\express\\lib\\router\\index.js:175:3)\n    at router (C:\\Users\\andyb\\Desktop\\Learning To Code\\Projects\\Node-JS\\vidly\\node_modules\\express\\lib\\router\\index.js:47:12)\n    at newFn (C:\\Users\\andyb\\Desktop\\Learning To Code\\Projects\\Node-JS\\vidly\\node_modules\\express-async-errors\\index.js:16:20)\n    at Layer.handle [as handle_request] (C:\\Users\\andyb\\Desktop\\Learning To Code\\Projects\\Node-JS\\vidly\\node_modules\\express\\lib\\router\\layer.js:95:5)\n    at trim_prefix (C:\\Users\\andyb\\Desktop\\Learning To Code\\Projects\\Node-JS\\vidly\\node_modules\\express\\lib\\router\\index.js:328:13)\n    at C:\\Users\\andyb\\Desktop\\Learning To Code\\Projects\\Node-JS\\vidly\\node_modules\\express\\lib\\router\\index.js:286:9\n    at Function.process_params (C:\\Users\\andyb\\Desktop\\Learning To Code\\Projects\\Node-JS\\vidly\\node_modules\\express\\lib\\router\\index.js:346:12)\n    at next (C:\\Users\\andyb\\Desktop\\Learning To Code\\Projects\\Node-JS\\vidly\\node_modules\\express\\lib\\router\\index.js:280:10)\n    at C:\\Users\\andyb\\Desktop\\Learning To Code\\Projects\\Node-JS\\vidly\\node_modules\\body-parser\\lib\\read.js:137:5\n    at AsyncResource.runInAsyncScope (node:async_hooks:203:9)\n    at invokeCallback (C:\\Users\\andyb\\Desktop\\Learning To Code\\Projects\\Node-JS\\vidly\\node_modules\\raw-body\\index.js:231:16)\n    at done (C:\\Users\\andyb\\Desktop\\Learning To Code\\Projects\\Node-JS\\vidly\\node_modules\\raw-body\\index.js:220:7)\n    at IncomingMessage.onEnd (C:\\Users\\andyb\\Desktop\\Learning To Code\\Projects\\Node-JS\\vidly\\node_modules\\raw-body\\index.js:280:7)\n    at IncomingMessage.emit (node:events:525:35)\n    at endReadableNT (node:internal/streams/readable:1358:12)\n    at processTicksAndRejections (node:internal/process/task_queues:83:21)"}
{"level":"error","message":"mongoose.Types.ObjectId(...).isValid is not a function mongoose.Types.ObjectId(...).isValid is not a function","stack":"TypeError: mongoose.Types.ObjectId(...).isValid is not a function\n    at isValid (C:\\Users\\andyb\\Desktop\\Learning To Code\\Projects\\Node-JS\\vidly\\routes\\genres.js:45:36)\n    at newFn (C:\\Users\\andyb\\Desktop\\Learning To Code\\Projects\\Node-JS\\vidly\\node_modules\\express-async-errors\\index.js:16:20)\n    at Layer.handle [as handle_request] (C:\\Users\\andyb\\Desktop\\Learning To Code\\Projects\\Node-JS\\vidly\\node_modules\\express\\lib\\router\\layer.js:95:5)\n    at next (C:\\Users\\andyb\\Desktop\\Learning To Code\\Projects\\Node-JS\\vidly\\node_modules\\express\\lib\\router\\route.js:144:13)\n    at next (C:\\Users\\andyb\\Desktop\\Learning To Code\\Projects\\Node-JS\\vidly\\middleware\\auth.js:11:9)\n    at newFn (C:\\Users\\andyb\\Desktop\\Learning To Code\\Projects\\Node-JS\\vidly\\node_modules\\express-async-errors\\index.js:16:20)\n    at Layer.handle [as handle_request] (C:\\Users\\andyb\\Desktop\\Learning To Code\\Projects\\Node-JS\\vidly\\node_modules\\express\\lib\\router\\layer.js:95:5)\n    at next (C:\\Users\\andyb\\Desktop\\Learning To Code\\Projects\\Node-JS\\vidly\\node_modules\\express\\lib\\router\\route.js:144:13)\n    at Route.dispatch (C:\\Users\\andyb\\Desktop\\Learning To Code\\Projects\\Node-JS\\vidly\\node_modules\\express\\lib\\router\\route.js:114:3)\n    at newFn (C:\\Users\\andyb\\Desktop\\Learning To Code\\Projects\\Node-JS\\vidly\\node_modules\\express-async-errors\\index.js:16:20)\n    at Layer.handle [as handle_request] (C:\\Users\\andyb\\Desktop\\Learning To Code\\Projects\\Node-JS\\vidly\\node_modules\\express\\lib\\router\\layer.js:95:5)\n    at C:\\Users\\andyb\\Desktop\\Learning To Code\\Projects\\Node-JS\\vidly\\node_modules\\express\\lib\\router\\index.js:284:15\n    at param (C:\\Users\\andyb\\Desktop\\Learning To Code\\Projects\\Node-JS\\vidly\\node_modules\\express\\lib\\router\\index.js:365:14)\n    at param (C:\\Users\\andyb\\Desktop\\Learning To Code\\Projects\\Node-JS\\vidly\\node_modules\\express\\lib\\router\\index.js:376:14)\n    at Function.process_params (C:\\Users\\andyb\\Desktop\\Learning To Code\\Projects\\Node-JS\\vidly\\node_modules\\express\\lib\\router\\index.js:421:3)\n    at next (C:\\Users\\andyb\\Desktop\\Learning To Code\\Projects\\Node-JS\\vidly\\node_modules\\express\\lib\\router\\index.js:280:10)\n    at Function.handle (C:\\Users\\andyb\\Desktop\\Learning To Code\\Projects\\Node-JS\\vidly\\node_modules\\express\\lib\\router\\index.js:175:3)\n    at router (C:\\Users\\andyb\\Desktop\\Learning To Code\\Projects\\Node-JS\\vidly\\node_modules\\express\\lib\\router\\index.js:47:12)\n    at newFn (C:\\Users\\andyb\\Desktop\\Learning To Code\\Projects\\Node-JS\\vidly\\node_modules\\express-async-errors\\index.js:16:20)\n    at Layer.handle [as handle_request] (C:\\Users\\andyb\\Desktop\\Learning To Code\\Projects\\Node-JS\\vidly\\node_modules\\express\\lib\\router\\layer.js:95:5)\n    at trim_prefix (C:\\Users\\andyb\\Desktop\\Learning To Code\\Projects\\Node-JS\\vidly\\node_modules\\express\\lib\\router\\index.js:328:13)\n    at C:\\Users\\andyb\\Desktop\\Learning To Code\\Projects\\Node-JS\\vidly\\node_modules\\express\\lib\\router\\index.js:286:9\n    at Function.process_params (C:\\Users\\andyb\\Desktop\\Learning To Code\\Projects\\Node-JS\\vidly\\node_modules\\express\\lib\\router\\index.js:346:12)\n    at next (C:\\Users\\andyb\\Desktop\\Learning To Code\\Projects\\Node-JS\\vidly\\node_modules\\express\\lib\\router\\index.js:280:10)\n    at C:\\Users\\andyb\\Desktop\\Learning To Code\\Projects\\Node-JS\\vidly\\node_modules\\body-parser\\lib\\read.js:137:5\n    at AsyncResource.runInAsyncScope (node:async_hooks:203:9)\n    at invokeCallback (C:\\Users\\andyb\\Desktop\\Learning To Code\\Projects\\Node-JS\\vidly\\node_modules\\raw-body\\index.js:231:16)\n    at done (C:\\Users\\andyb\\Desktop\\Learning To Code\\Projects\\Node-JS\\vidly\\node_modules\\raw-body\\index.js:220:7)\n    at IncomingMessage.onEnd (C:\\Users\\andyb\\Desktop\\Learning To Code\\Projects\\Node-JS\\vidly\\node_modules\\raw-body\\index.js:280:7)\n    at IncomingMessage.emit (node:events:525:35)\n    at endReadableNT (node:internal/streams/readable:1358:12)\n    at processTicksAndRejections (node:internal/process/task_queues:83:21)"}
{"level":"error","message":"mongoose.Types.ObjectId(...).isValid is not a function mongoose.Types.ObjectId(...).isValid is not a function","stack":"TypeError: mongoose.Types.ObjectId(...).isValid is not a function\n    at isValid (C:\\Users\\andyb\\Desktop\\Learning To Code\\Projects\\Node-JS\\vidly\\routes\\genres.js:45:36)\n    at newFn (C:\\Users\\andyb\\Desktop\\Learning To Code\\Projects\\Node-JS\\vidly\\node_modules\\express-async-errors\\index.js:16:20)\n    at Layer.handle [as handle_request] (C:\\Users\\andyb\\Desktop\\Learning To Code\\Projects\\Node-JS\\vidly\\node_modules\\express\\lib\\router\\layer.js:95:5)\n    at next (C:\\Users\\andyb\\Desktop\\Learning To Code\\Projects\\Node-JS\\vidly\\node_modules\\express\\lib\\router\\route.js:144:13)\n    at next (C:\\Users\\andyb\\Desktop\\Learning To Code\\Projects\\Node-JS\\vidly\\middleware\\auth.js:11:9)\n    at newFn (C:\\Users\\andyb\\Desktop\\Learning To Code\\Projects\\Node-JS\\vidly\\node_modules\\express-async-errors\\index.js:16:20)\n    at Layer.handle [as handle_request] (C:\\Users\\andyb\\Desktop\\Learning To Code\\Projects\\Node-JS\\vidly\\node_modules\\express\\lib\\router\\layer.js:95:5)\n    at next (C:\\Users\\andyb\\Desktop\\Learning To Code\\Projects\\Node-JS\\vidly\\node_modules\\express\\lib\\router\\route.js:144:13)\n    at Route.dispatch (C:\\Users\\andyb\\Desktop\\Learning To Code\\Projects\\Node-JS\\vidly\\node_modules\\express\\lib\\router\\route.js:114:3)\n    at newFn (C:\\Users\\andyb\\Desktop\\Learning To Code\\Projects\\Node-JS\\vidly\\node_modules\\express-async-errors\\index.js:16:20)\n    at Layer.handle [as handle_request] (C:\\Users\\andyb\\Desktop\\Learning To Code\\Projects\\Node-JS\\vidly\\node_modules\\express\\lib\\router\\layer.js:95:5)\n    at C:\\Users\\andyb\\Desktop\\Learning To Code\\Projects\\Node-JS\\vidly\\node_modules\\express\\lib\\router\\index.js:284:15\n    at param (C:\\Users\\andyb\\Desktop\\Learning To Code\\Projects\\Node-JS\\vidly\\node_modules\\express\\lib\\router\\index.js:365:14)\n    at param (C:\\Users\\andyb\\Desktop\\Learning To Code\\Projects\\Node-JS\\vidly\\node_modules\\express\\lib\\router\\index.js:376:14)\n    at Function.process_params (C:\\Users\\andyb\\Desktop\\Learning To Code\\Projects\\Node-JS\\vidly\\node_modules\\express\\lib\\router\\index.js:421:3)\n    at next (C:\\Users\\andyb\\Desktop\\Learning To Code\\Projects\\Node-JS\\vidly\\node_modules\\express\\lib\\router\\index.js:280:10)\n    at Function.handle (C:\\Users\\andyb\\Desktop\\Learning To Code\\Projects\\Node-JS\\vidly\\node_modules\\express\\lib\\router\\index.js:175:3)\n    at router (C:\\Users\\andyb\\Desktop\\Learning To Code\\Projects\\Node-JS\\vidly\\node_modules\\express\\lib\\router\\index.js:47:12)\n    at newFn (C:\\Users\\andyb\\Desktop\\Learning To Code\\Projects\\Node-JS\\vidly\\node_modules\\express-async-errors\\index.js:16:20)\n    at Layer.handle [as handle_request] (C:\\Users\\andyb\\Desktop\\Learning To Code\\Projects\\Node-JS\\vidly\\node_modules\\express\\lib\\router\\layer.js:95:5)\n    at trim_prefix (C:\\Users\\andyb\\Desktop\\Learning To Code\\Projects\\Node-JS\\vidly\\node_modules\\express\\lib\\router\\index.js:328:13)\n    at C:\\Users\\andyb\\Desktop\\Learning To Code\\Projects\\Node-JS\\vidly\\node_modules\\express\\lib\\router\\index.js:286:9\n    at Function.process_params (C:\\Users\\andyb\\Desktop\\Learning To Code\\Projects\\Node-JS\\vidly\\node_modules\\express\\lib\\router\\index.js:346:12)\n    at next (C:\\Users\\andyb\\Desktop\\Learning To Code\\Projects\\Node-JS\\vidly\\node_modules\\express\\lib\\router\\index.js:280:10)\n    at C:\\Users\\andyb\\Desktop\\Learning To Code\\Projects\\Node-JS\\vidly\\node_modules\\body-parser\\lib\\read.js:137:5\n    at AsyncResource.runInAsyncScope (node:async_hooks:203:9)\n    at invokeCallback (C:\\Users\\andyb\\Desktop\\Learning To Code\\Projects\\Node-JS\\vidly\\node_modules\\raw-body\\index.js:231:16)\n    at done (C:\\Users\\andyb\\Desktop\\Learning To Code\\Projects\\Node-JS\\vidly\\node_modules\\raw-body\\index.js:220:7)\n    at IncomingMessage.onEnd (C:\\Users\\andyb\\Desktop\\Learning To Code\\Projects\\Node-JS\\vidly\\node_modules\\raw-body\\index.js:280:7)\n    at IncomingMessage.emit (node:events:525:35)\n    at endReadableNT (node:internal/streams/readable:1358:12)\n    at processTicksAndRejections (node:internal/process/task_queues:83:21)"}
{"level":"error","message":"mongoose.Types.ObjectId(...).isValid is not a function mongoose.Types.ObjectId(...).isValid is not a function","stack":"TypeError: mongoose.Types.ObjectId(...).isValid is not a function\n    at isValid (C:\\Users\\andyb\\Desktop\\Learning To Code\\Projects\\Node-JS\\vidly\\routes\\genres.js:45:36)\n    at newFn (C:\\Users\\andyb\\Desktop\\Learning To Code\\Projects\\Node-JS\\vidly\\node_modules\\express-async-errors\\index.js:16:20)\n    at Layer.handle [as handle_request] (C:\\Users\\andyb\\Desktop\\Learning To Code\\Projects\\Node-JS\\vidly\\node_modules\\express\\lib\\router\\layer.js:95:5)\n    at next (C:\\Users\\andyb\\Desktop\\Learning To Code\\Projects\\Node-JS\\vidly\\node_modules\\express\\lib\\router\\route.js:144:13)\n    at next (C:\\Users\\andyb\\Desktop\\Learning To Code\\Projects\\Node-JS\\vidly\\middleware\\auth.js:11:9)\n    at newFn (C:\\Users\\andyb\\Desktop\\Learning To Code\\Projects\\Node-JS\\vidly\\node_modules\\express-async-errors\\index.js:16:20)\n    at Layer.handle [as handle_request] (C:\\Users\\andyb\\Desktop\\Learning To Code\\Projects\\Node-JS\\vidly\\node_modules\\express\\lib\\router\\layer.js:95:5)\n    at next (C:\\Users\\andyb\\Desktop\\Learning To Code\\Projects\\Node-JS\\vidly\\node_modules\\express\\lib\\router\\route.js:144:13)\n    at Route.dispatch (C:\\Users\\andyb\\Desktop\\Learning To Code\\Projects\\Node-JS\\vidly\\node_modules\\express\\lib\\router\\route.js:114:3)\n    at newFn (C:\\Users\\andyb\\Desktop\\Learning To Code\\Projects\\Node-JS\\vidly\\node_modules\\express-async-errors\\index.js:16:20)\n    at Layer.handle [as handle_request] (C:\\Users\\andyb\\Desktop\\Learning To Code\\Projects\\Node-JS\\vidly\\node_modules\\express\\lib\\router\\layer.js:95:5)\n    at C:\\Users\\andyb\\Desktop\\Learning To Code\\Projects\\Node-JS\\vidly\\node_modules\\express\\lib\\router\\index.js:284:15\n    at param (C:\\Users\\andyb\\Desktop\\Learning To Code\\Projects\\Node-JS\\vidly\\node_modules\\express\\lib\\router\\index.js:365:14)\n    at param (C:\\Users\\andyb\\Desktop\\Learning To Code\\Projects\\Node-JS\\vidly\\node_modules\\express\\lib\\router\\index.js:376:14)\n    at Function.process_params (C:\\Users\\andyb\\Desktop\\Learning To Code\\Projects\\Node-JS\\vidly\\node_modules\\express\\lib\\router\\index.js:421:3)\n    at next (C:\\Users\\andyb\\Desktop\\Learning To Code\\Projects\\Node-JS\\vidly\\node_modules\\express\\lib\\router\\index.js:280:10)\n    at Function.handle (C:\\Users\\andyb\\Desktop\\Learning To Code\\Projects\\Node-JS\\vidly\\node_modules\\express\\lib\\router\\index.js:175:3)\n    at router (C:\\Users\\andyb\\Desktop\\Learning To Code\\Projects\\Node-JS\\vidly\\node_modules\\express\\lib\\router\\index.js:47:12)\n    at newFn (C:\\Users\\andyb\\Desktop\\Learning To Code\\Projects\\Node-JS\\vidly\\node_modules\\express-async-errors\\index.js:16:20)\n    at Layer.handle [as handle_request] (C:\\Users\\andyb\\Desktop\\Learning To Code\\Projects\\Node-JS\\vidly\\node_modules\\express\\lib\\router\\layer.js:95:5)\n    at trim_prefix (C:\\Users\\andyb\\Desktop\\Learning To Code\\Projects\\Node-JS\\vidly\\node_modules\\express\\lib\\router\\index.js:328:13)\n    at C:\\Users\\andyb\\Desktop\\Learning To Code\\Projects\\Node-JS\\vidly\\node_modules\\express\\lib\\router\\index.js:286:9\n    at Function.process_params (C:\\Users\\andyb\\Desktop\\Learning To Code\\Projects\\Node-JS\\vidly\\node_modules\\express\\lib\\router\\index.js:346:12)\n    at next (C:\\Users\\andyb\\Desktop\\Learning To Code\\Projects\\Node-JS\\vidly\\node_modules\\express\\lib\\router\\index.js:280:10)\n    at C:\\Users\\andyb\\Desktop\\Learning To Code\\Projects\\Node-JS\\vidly\\node_modules\\body-parser\\lib\\read.js:137:5\n    at AsyncResource.runInAsyncScope (node:async_hooks:203:9)\n    at invokeCallback (C:\\Users\\andyb\\Desktop\\Learning To Code\\Projects\\Node-JS\\vidly\\node_modules\\raw-body\\index.js:231:16)\n    at done (C:\\Users\\andyb\\Desktop\\Learning To Code\\Projects\\Node-JS\\vidly\\node_modules\\raw-body\\index.js:220:7)\n    at IncomingMessage.onEnd (C:\\Users\\andyb\\Desktop\\Learning To Code\\Projects\\Node-JS\\vidly\\node_modules\\raw-body\\index.js:280:7)\n    at IncomingMessage.emit (node:events:525:35)\n    at endReadableNT (node:internal/streams/readable:1358:12)\n    at processTicksAndRejections (node:internal/process/task_queues:83:21)"}
{"level":"error","message":"mongoose.Types.ObjectId(...).isValid is not a function mongoose.Types.ObjectId(...).isValid is not a function","stack":"TypeError: mongoose.Types.ObjectId(...).isValid is not a function\n    at isValid (C:\\Users\\andyb\\Desktop\\Learning To Code\\Projects\\Node-JS\\vidly\\routes\\genres.js:45:36)\n    at newFn (C:\\Users\\andyb\\Desktop\\Learning To Code\\Projects\\Node-JS\\vidly\\node_modules\\express-async-errors\\index.js:16:20)\n    at Layer.handle [as handle_request] (C:\\Users\\andyb\\Desktop\\Learning To Code\\Projects\\Node-JS\\vidly\\node_modules\\express\\lib\\router\\layer.js:95:5)\n    at next (C:\\Users\\andyb\\Desktop\\Learning To Code\\Projects\\Node-JS\\vidly\\node_modules\\express\\lib\\router\\route.js:144:13)\n    at next (C:\\Users\\andyb\\Desktop\\Learning To Code\\Projects\\Node-JS\\vidly\\middleware\\auth.js:11:9)\n    at newFn (C:\\Users\\andyb\\Desktop\\Learning To Code\\Projects\\Node-JS\\vidly\\node_modules\\express-async-errors\\index.js:16:20)\n    at Layer.handle [as handle_request] (C:\\Users\\andyb\\Desktop\\Learning To Code\\Projects\\Node-JS\\vidly\\node_modules\\express\\lib\\router\\layer.js:95:5)\n    at next (C:\\Users\\andyb\\Desktop\\Learning To Code\\Projects\\Node-JS\\vidly\\node_modules\\express\\lib\\router\\route.js:144:13)\n    at Route.dispatch (C:\\Users\\andyb\\Desktop\\Learning To Code\\Projects\\Node-JS\\vidly\\node_modules\\express\\lib\\router\\route.js:114:3)\n    at newFn (C:\\Users\\andyb\\Desktop\\Learning To Code\\Projects\\Node-JS\\vidly\\node_modules\\express-async-errors\\index.js:16:20)\n    at Layer.handle [as handle_request] (C:\\Users\\andyb\\Desktop\\Learning To Code\\Projects\\Node-JS\\vidly\\node_modules\\express\\lib\\router\\layer.js:95:5)\n    at C:\\Users\\andyb\\Desktop\\Learning To Code\\Projects\\Node-JS\\vidly\\node_modules\\express\\lib\\router\\index.js:284:15\n    at param (C:\\Users\\andyb\\Desktop\\Learning To Code\\Projects\\Node-JS\\vidly\\node_modules\\express\\lib\\router\\index.js:365:14)\n    at param (C:\\Users\\andyb\\Desktop\\Learning To Code\\Projects\\Node-JS\\vidly\\node_modules\\express\\lib\\router\\index.js:376:14)\n    at Function.process_params (C:\\Users\\andyb\\Desktop\\Learning To Code\\Projects\\Node-JS\\vidly\\node_modules\\express\\lib\\router\\index.js:421:3)\n    at next (C:\\Users\\andyb\\Desktop\\Learning To Code\\Projects\\Node-JS\\vidly\\node_modules\\express\\lib\\router\\index.js:280:10)\n    at Function.handle (C:\\Users\\andyb\\Desktop\\Learning To Code\\Projects\\Node-JS\\vidly\\node_modules\\express\\lib\\router\\index.js:175:3)\n    at router (C:\\Users\\andyb\\Desktop\\Learning To Code\\Projects\\Node-JS\\vidly\\node_modules\\express\\lib\\router\\index.js:47:12)\n    at newFn (C:\\Users\\andyb\\Desktop\\Learning To Code\\Projects\\Node-JS\\vidly\\node_modules\\express-async-errors\\index.js:16:20)\n    at Layer.handle [as handle_request] (C:\\Users\\andyb\\Desktop\\Learning To Code\\Projects\\Node-JS\\vidly\\node_modules\\express\\lib\\router\\layer.js:95:5)\n    at trim_prefix (C:\\Users\\andyb\\Desktop\\Learning To Code\\Projects\\Node-JS\\vidly\\node_modules\\express\\lib\\router\\index.js:328:13)\n    at C:\\Users\\andyb\\Desktop\\Learning To Code\\Projects\\Node-JS\\vidly\\node_modules\\express\\lib\\router\\index.js:286:9\n    at Function.process_params (C:\\Users\\andyb\\Desktop\\Learning To Code\\Projects\\Node-JS\\vidly\\node_modules\\express\\lib\\router\\index.js:346:12)\n    at next (C:\\Users\\andyb\\Desktop\\Learning To Code\\Projects\\Node-JS\\vidly\\node_modules\\express\\lib\\router\\index.js:280:10)\n    at C:\\Users\\andyb\\Desktop\\Learning To Code\\Projects\\Node-JS\\vidly\\node_modules\\body-parser\\lib\\read.js:137:5\n    at AsyncResource.runInAsyncScope (node:async_hooks:203:9)\n    at invokeCallback (C:\\Users\\andyb\\Desktop\\Learning To Code\\Projects\\Node-JS\\vidly\\node_modules\\raw-body\\index.js:231:16)\n    at done (C:\\Users\\andyb\\Desktop\\Learning To Code\\Projects\\Node-JS\\vidly\\node_modules\\raw-body\\index.js:220:7)\n    at IncomingMessage.onEnd (C:\\Users\\andyb\\Desktop\\Learning To Code\\Projects\\Node-JS\\vidly\\node_modules\\raw-body\\index.js:280:7)\n    at IncomingMessage.emit (node:events:525:35)\n    at endReadableNT (node:internal/streams/readable:1358:12)\n    at processTicksAndRejections (node:internal/process/task_queues:83:21)"}
{"level":"info","message":"Listening on port 3000"}
{"level":"info","message":"Connected to mongodb://localhost:27017/vidly_tests"}
{"level":"info","message":"Listening on port 3000"}
{"level":"info","message":"Connected to mongodb://localhost:27017/vidly_tests"}
{"level":"error","message":"mongoose.Types.ObjectId(...).isValid is not a function mongoose.Types.ObjectId(...).isValid is not a function","stack":"TypeError: mongoose.Types.ObjectId(...).isValid is not a function\n    at isValid (C:\\Users\\andyb\\Desktop\\Learning To Code\\Projects\\Node-JS\\vidly\\routes\\genres.js:45:36)\n    at newFn (C:\\Users\\andyb\\Desktop\\Learning To Code\\Projects\\Node-JS\\vidly\\node_modules\\express-async-errors\\index.js:16:20)\n    at Layer.handle [as handle_request] (C:\\Users\\andyb\\Desktop\\Learning To Code\\Projects\\Node-JS\\vidly\\node_modules\\express\\lib\\router\\layer.js:95:5)\n    at next (C:\\Users\\andyb\\Desktop\\Learning To Code\\Projects\\Node-JS\\vidly\\node_modules\\express\\lib\\router\\route.js:144:13)\n    at next (C:\\Users\\andyb\\Desktop\\Learning To Code\\Projects\\Node-JS\\vidly\\middleware\\auth.js:11:9)\n    at newFn (C:\\Users\\andyb\\Desktop\\Learning To Code\\Projects\\Node-JS\\vidly\\node_modules\\express-async-errors\\index.js:16:20)\n    at Layer.handle [as handle_request] (C:\\Users\\andyb\\Desktop\\Learning To Code\\Projects\\Node-JS\\vidly\\node_modules\\express\\lib\\router\\layer.js:95:5)\n    at next (C:\\Users\\andyb\\Desktop\\Learning To Code\\Projects\\Node-JS\\vidly\\node_modules\\express\\lib\\router\\route.js:144:13)\n    at Route.dispatch (C:\\Users\\andyb\\Desktop\\Learning To Code\\Projects\\Node-JS\\vidly\\node_modules\\express\\lib\\router\\route.js:114:3)\n    at newFn (C:\\Users\\andyb\\Desktop\\Learning To Code\\Projects\\Node-JS\\vidly\\node_modules\\express-async-errors\\index.js:16:20)\n    at Layer.handle [as handle_request] (C:\\Users\\andyb\\Desktop\\Learning To Code\\Projects\\Node-JS\\vidly\\node_modules\\express\\lib\\router\\layer.js:95:5)\n    at C:\\Users\\andyb\\Desktop\\Learning To Code\\Projects\\Node-JS\\vidly\\node_modules\\express\\lib\\router\\index.js:284:15\n    at param (C:\\Users\\andyb\\Desktop\\Learning To Code\\Projects\\Node-JS\\vidly\\node_modules\\express\\lib\\router\\index.js:365:14)\n    at param (C:\\Users\\andyb\\Desktop\\Learning To Code\\Projects\\Node-JS\\vidly\\node_modules\\express\\lib\\router\\index.js:376:14)\n    at Function.process_params (C:\\Users\\andyb\\Desktop\\Learning To Code\\Projects\\Node-JS\\vidly\\node_modules\\express\\lib\\router\\index.js:421:3)\n    at next (C:\\Users\\andyb\\Desktop\\Learning To Code\\Projects\\Node-JS\\vidly\\node_modules\\express\\lib\\router\\index.js:280:10)\n    at Function.handle (C:\\Users\\andyb\\Desktop\\Learning To Code\\Projects\\Node-JS\\vidly\\node_modules\\express\\lib\\router\\index.js:175:3)\n    at router (C:\\Users\\andyb\\Desktop\\Learning To Code\\Projects\\Node-JS\\vidly\\node_modules\\express\\lib\\router\\index.js:47:12)\n    at newFn (C:\\Users\\andyb\\Desktop\\Learning To Code\\Projects\\Node-JS\\vidly\\node_modules\\express-async-errors\\index.js:16:20)\n    at Layer.handle [as handle_request] (C:\\Users\\andyb\\Desktop\\Learning To Code\\Projects\\Node-JS\\vidly\\node_modules\\express\\lib\\router\\layer.js:95:5)\n    at trim_prefix (C:\\Users\\andyb\\Desktop\\Learning To Code\\Projects\\Node-JS\\vidly\\node_modules\\express\\lib\\router\\index.js:328:13)\n    at C:\\Users\\andyb\\Desktop\\Learning To Code\\Projects\\Node-JS\\vidly\\node_modules\\express\\lib\\router\\index.js:286:9\n    at Function.process_params (C:\\Users\\andyb\\Desktop\\Learning To Code\\Projects\\Node-JS\\vidly\\node_modules\\express\\lib\\router\\index.js:346:12)\n    at next (C:\\Users\\andyb\\Desktop\\Learning To Code\\Projects\\Node-JS\\vidly\\node_modules\\express\\lib\\router\\index.js:280:10)\n    at C:\\Users\\andyb\\Desktop\\Learning To Code\\Projects\\Node-JS\\vidly\\node_modules\\body-parser\\lib\\read.js:137:5\n    at AsyncResource.runInAsyncScope (node:async_hooks:203:9)\n    at invokeCallback (C:\\Users\\andyb\\Desktop\\Learning To Code\\Projects\\Node-JS\\vidly\\node_modules\\raw-body\\index.js:231:16)\n    at done (C:\\Users\\andyb\\Desktop\\Learning To Code\\Projects\\Node-JS\\vidly\\node_modules\\raw-body\\index.js:220:7)\n    at IncomingMessage.onEnd (C:\\Users\\andyb\\Desktop\\Learning To Code\\Projects\\Node-JS\\vidly\\node_modules\\raw-body\\index.js:280:7)\n    at IncomingMessage.emit (node:events:525:35)\n    at endReadableNT (node:internal/streams/readable:1358:12)\n    at processTicksAndRejections (node:internal/process/task_queues:83:21)"}
{"level":"error","message":"mongoose.Types.ObjectId(...).isValid is not a function mongoose.Types.ObjectId(...).isValid is not a function","stack":"TypeError: mongoose.Types.ObjectId(...).isValid is not a function\n    at isValid (C:\\Users\\andyb\\Desktop\\Learning To Code\\Projects\\Node-JS\\vidly\\routes\\genres.js:45:36)\n    at newFn (C:\\Users\\andyb\\Desktop\\Learning To Code\\Projects\\Node-JS\\vidly\\node_modules\\express-async-errors\\index.js:16:20)\n    at Layer.handle [as handle_request] (C:\\Users\\andyb\\Desktop\\Learning To Code\\Projects\\Node-JS\\vidly\\node_modules\\express\\lib\\router\\layer.js:95:5)\n    at next (C:\\Users\\andyb\\Desktop\\Learning To Code\\Projects\\Node-JS\\vidly\\node_modules\\express\\lib\\router\\route.js:144:13)\n    at next (C:\\Users\\andyb\\Desktop\\Learning To Code\\Projects\\Node-JS\\vidly\\middleware\\auth.js:11:9)\n    at newFn (C:\\Users\\andyb\\Desktop\\Learning To Code\\Projects\\Node-JS\\vidly\\node_modules\\express-async-errors\\index.js:16:20)\n    at Layer.handle [as handle_request] (C:\\Users\\andyb\\Desktop\\Learning To Code\\Projects\\Node-JS\\vidly\\node_modules\\express\\lib\\router\\layer.js:95:5)\n    at next (C:\\Users\\andyb\\Desktop\\Learning To Code\\Projects\\Node-JS\\vidly\\node_modules\\express\\lib\\router\\route.js:144:13)\n    at Route.dispatch (C:\\Users\\andyb\\Desktop\\Learning To Code\\Projects\\Node-JS\\vidly\\node_modules\\express\\lib\\router\\route.js:114:3)\n    at newFn (C:\\Users\\andyb\\Desktop\\Learning To Code\\Projects\\Node-JS\\vidly\\node_modules\\express-async-errors\\index.js:16:20)\n    at Layer.handle [as handle_request] (C:\\Users\\andyb\\Desktop\\Learning To Code\\Projects\\Node-JS\\vidly\\node_modules\\express\\lib\\router\\layer.js:95:5)\n    at C:\\Users\\andyb\\Desktop\\Learning To Code\\Projects\\Node-JS\\vidly\\node_modules\\express\\lib\\router\\index.js:284:15\n    at param (C:\\Users\\andyb\\Desktop\\Learning To Code\\Projects\\Node-JS\\vidly\\node_modules\\express\\lib\\router\\index.js:365:14)\n    at param (C:\\Users\\andyb\\Desktop\\Learning To Code\\Projects\\Node-JS\\vidly\\node_modules\\express\\lib\\router\\index.js:376:14)\n    at Function.process_params (C:\\Users\\andyb\\Desktop\\Learning To Code\\Projects\\Node-JS\\vidly\\node_modules\\express\\lib\\router\\index.js:421:3)\n    at next (C:\\Users\\andyb\\Desktop\\Learning To Code\\Projects\\Node-JS\\vidly\\node_modules\\express\\lib\\router\\index.js:280:10)\n    at Function.handle (C:\\Users\\andyb\\Desktop\\Learning To Code\\Projects\\Node-JS\\vidly\\node_modules\\express\\lib\\router\\index.js:175:3)\n    at router (C:\\Users\\andyb\\Desktop\\Learning To Code\\Projects\\Node-JS\\vidly\\node_modules\\express\\lib\\router\\index.js:47:12)\n    at newFn (C:\\Users\\andyb\\Desktop\\Learning To Code\\Projects\\Node-JS\\vidly\\node_modules\\express-async-errors\\index.js:16:20)\n    at Layer.handle [as handle_request] (C:\\Users\\andyb\\Desktop\\Learning To Code\\Projects\\Node-JS\\vidly\\node_modules\\express\\lib\\router\\layer.js:95:5)\n    at trim_prefix (C:\\Users\\andyb\\Desktop\\Learning To Code\\Projects\\Node-JS\\vidly\\node_modules\\express\\lib\\router\\index.js:328:13)\n    at C:\\Users\\andyb\\Desktop\\Learning To Code\\Projects\\Node-JS\\vidly\\node_modules\\express\\lib\\router\\index.js:286:9\n    at Function.process_params (C:\\Users\\andyb\\Desktop\\Learning To Code\\Projects\\Node-JS\\vidly\\node_modules\\express\\lib\\router\\index.js:346:12)\n    at next (C:\\Users\\andyb\\Desktop\\Learning To Code\\Projects\\Node-JS\\vidly\\node_modules\\express\\lib\\router\\index.js:280:10)\n    at C:\\Users\\andyb\\Desktop\\Learning To Code\\Projects\\Node-JS\\vidly\\node_modules\\body-parser\\lib\\read.js:137:5\n    at AsyncResource.runInAsyncScope (node:async_hooks:203:9)\n    at invokeCallback (C:\\Users\\andyb\\Desktop\\Learning To Code\\Projects\\Node-JS\\vidly\\node_modules\\raw-body\\index.js:231:16)\n    at done (C:\\Users\\andyb\\Desktop\\Learning To Code\\Projects\\Node-JS\\vidly\\node_modules\\raw-body\\index.js:220:7)\n    at IncomingMessage.onEnd (C:\\Users\\andyb\\Desktop\\Learning To Code\\Projects\\Node-JS\\vidly\\node_modules\\raw-body\\index.js:280:7)\n    at IncomingMessage.emit (node:events:525:35)\n    at endReadableNT (node:internal/streams/readable:1358:12)\n    at processTicksAndRejections (node:internal/process/task_queues:83:21)"}
{"level":"error","message":"mongoose.Types.ObjectId(...).isValid is not a function mongoose.Types.ObjectId(...).isValid is not a function","stack":"TypeError: mongoose.Types.ObjectId(...).isValid is not a function\n    at isValid (C:\\Users\\andyb\\Desktop\\Learning To Code\\Projects\\Node-JS\\vidly\\routes\\genres.js:45:36)\n    at newFn (C:\\Users\\andyb\\Desktop\\Learning To Code\\Projects\\Node-JS\\vidly\\node_modules\\express-async-errors\\index.js:16:20)\n    at Layer.handle [as handle_request] (C:\\Users\\andyb\\Desktop\\Learning To Code\\Projects\\Node-JS\\vidly\\node_modules\\express\\lib\\router\\layer.js:95:5)\n    at next (C:\\Users\\andyb\\Desktop\\Learning To Code\\Projects\\Node-JS\\vidly\\node_modules\\express\\lib\\router\\route.js:144:13)\n    at next (C:\\Users\\andyb\\Desktop\\Learning To Code\\Projects\\Node-JS\\vidly\\middleware\\auth.js:11:9)\n    at newFn (C:\\Users\\andyb\\Desktop\\Learning To Code\\Projects\\Node-JS\\vidly\\node_modules\\express-async-errors\\index.js:16:20)\n    at Layer.handle [as handle_request] (C:\\Users\\andyb\\Desktop\\Learning To Code\\Projects\\Node-JS\\vidly\\node_modules\\express\\lib\\router\\layer.js:95:5)\n    at next (C:\\Users\\andyb\\Desktop\\Learning To Code\\Projects\\Node-JS\\vidly\\node_modules\\express\\lib\\router\\route.js:144:13)\n    at Route.dispatch (C:\\Users\\andyb\\Desktop\\Learning To Code\\Projects\\Node-JS\\vidly\\node_modules\\express\\lib\\router\\route.js:114:3)\n    at newFn (C:\\Users\\andyb\\Desktop\\Learning To Code\\Projects\\Node-JS\\vidly\\node_modules\\express-async-errors\\index.js:16:20)\n    at Layer.handle [as handle_request] (C:\\Users\\andyb\\Desktop\\Learning To Code\\Projects\\Node-JS\\vidly\\node_modules\\express\\lib\\router\\layer.js:95:5)\n    at C:\\Users\\andyb\\Desktop\\Learning To Code\\Projects\\Node-JS\\vidly\\node_modules\\express\\lib\\router\\index.js:284:15\n    at param (C:\\Users\\andyb\\Desktop\\Learning To Code\\Projects\\Node-JS\\vidly\\node_modules\\express\\lib\\router\\index.js:365:14)\n    at param (C:\\Users\\andyb\\Desktop\\Learning To Code\\Projects\\Node-JS\\vidly\\node_modules\\express\\lib\\router\\index.js:376:14)\n    at Function.process_params (C:\\Users\\andyb\\Desktop\\Learning To Code\\Projects\\Node-JS\\vidly\\node_modules\\express\\lib\\router\\index.js:421:3)\n    at next (C:\\Users\\andyb\\Desktop\\Learning To Code\\Projects\\Node-JS\\vidly\\node_modules\\express\\lib\\router\\index.js:280:10)\n    at Function.handle (C:\\Users\\andyb\\Desktop\\Learning To Code\\Projects\\Node-JS\\vidly\\node_modules\\express\\lib\\router\\index.js:175:3)\n    at router (C:\\Users\\andyb\\Desktop\\Learning To Code\\Projects\\Node-JS\\vidly\\node_modules\\express\\lib\\router\\index.js:47:12)\n    at newFn (C:\\Users\\andyb\\Desktop\\Learning To Code\\Projects\\Node-JS\\vidly\\node_modules\\express-async-errors\\index.js:16:20)\n    at Layer.handle [as handle_request] (C:\\Users\\andyb\\Desktop\\Learning To Code\\Projects\\Node-JS\\vidly\\node_modules\\express\\lib\\router\\layer.js:95:5)\n    at trim_prefix (C:\\Users\\andyb\\Desktop\\Learning To Code\\Projects\\Node-JS\\vidly\\node_modules\\express\\lib\\router\\index.js:328:13)\n    at C:\\Users\\andyb\\Desktop\\Learning To Code\\Projects\\Node-JS\\vidly\\node_modules\\express\\lib\\router\\index.js:286:9\n    at Function.process_params (C:\\Users\\andyb\\Desktop\\Learning To Code\\Projects\\Node-JS\\vidly\\node_modules\\express\\lib\\router\\index.js:346:12)\n    at next (C:\\Users\\andyb\\Desktop\\Learning To Code\\Projects\\Node-JS\\vidly\\node_modules\\express\\lib\\router\\index.js:280:10)\n    at C:\\Users\\andyb\\Desktop\\Learning To Code\\Projects\\Node-JS\\vidly\\node_modules\\body-parser\\lib\\read.js:137:5\n    at AsyncResource.runInAsyncScope (node:async_hooks:203:9)\n    at invokeCallback (C:\\Users\\andyb\\Desktop\\Learning To Code\\Projects\\Node-JS\\vidly\\node_modules\\raw-body\\index.js:231:16)\n    at done (C:\\Users\\andyb\\Desktop\\Learning To Code\\Projects\\Node-JS\\vidly\\node_modules\\raw-body\\index.js:220:7)\n    at IncomingMessage.onEnd (C:\\Users\\andyb\\Desktop\\Learning To Code\\Projects\\Node-JS\\vidly\\node_modules\\raw-body\\index.js:280:7)\n    at IncomingMessage.emit (node:events:525:35)\n    at endReadableNT (node:internal/streams/readable:1358:12)\n    at processTicksAndRejections (node:internal/process/task_queues:83:21)"}
{"level":"error","message":"mongoose.Types.ObjectId(...).isValid is not a function mongoose.Types.ObjectId(...).isValid is not a function","stack":"TypeError: mongoose.Types.ObjectId(...).isValid is not a function\n    at isValid (C:\\Users\\andyb\\Desktop\\Learning To Code\\Projects\\Node-JS\\vidly\\routes\\genres.js:45:36)\n    at newFn (C:\\Users\\andyb\\Desktop\\Learning To Code\\Projects\\Node-JS\\vidly\\node_modules\\express-async-errors\\index.js:16:20)\n    at Layer.handle [as handle_request] (C:\\Users\\andyb\\Desktop\\Learning To Code\\Projects\\Node-JS\\vidly\\node_modules\\express\\lib\\router\\layer.js:95:5)\n    at next (C:\\Users\\andyb\\Desktop\\Learning To Code\\Projects\\Node-JS\\vidly\\node_modules\\express\\lib\\router\\route.js:144:13)\n    at next (C:\\Users\\andyb\\Desktop\\Learning To Code\\Projects\\Node-JS\\vidly\\middleware\\auth.js:11:9)\n    at newFn (C:\\Users\\andyb\\Desktop\\Learning To Code\\Projects\\Node-JS\\vidly\\node_modules\\express-async-errors\\index.js:16:20)\n    at Layer.handle [as handle_request] (C:\\Users\\andyb\\Desktop\\Learning To Code\\Projects\\Node-JS\\vidly\\node_modules\\express\\lib\\router\\layer.js:95:5)\n    at next (C:\\Users\\andyb\\Desktop\\Learning To Code\\Projects\\Node-JS\\vidly\\node_modules\\express\\lib\\router\\route.js:144:13)\n    at Route.dispatch (C:\\Users\\andyb\\Desktop\\Learning To Code\\Projects\\Node-JS\\vidly\\node_modules\\express\\lib\\router\\route.js:114:3)\n    at newFn (C:\\Users\\andyb\\Desktop\\Learning To Code\\Projects\\Node-JS\\vidly\\node_modules\\express-async-errors\\index.js:16:20)\n    at Layer.handle [as handle_request] (C:\\Users\\andyb\\Desktop\\Learning To Code\\Projects\\Node-JS\\vidly\\node_modules\\express\\lib\\router\\layer.js:95:5)\n    at C:\\Users\\andyb\\Desktop\\Learning To Code\\Projects\\Node-JS\\vidly\\node_modules\\express\\lib\\router\\index.js:284:15\n    at param (C:\\Users\\andyb\\Desktop\\Learning To Code\\Projects\\Node-JS\\vidly\\node_modules\\express\\lib\\router\\index.js:365:14)\n    at param (C:\\Users\\andyb\\Desktop\\Learning To Code\\Projects\\Node-JS\\vidly\\node_modules\\express\\lib\\router\\index.js:376:14)\n    at Function.process_params (C:\\Users\\andyb\\Desktop\\Learning To Code\\Projects\\Node-JS\\vidly\\node_modules\\express\\lib\\router\\index.js:421:3)\n    at next (C:\\Users\\andyb\\Desktop\\Learning To Code\\Projects\\Node-JS\\vidly\\node_modules\\express\\lib\\router\\index.js:280:10)\n    at Function.handle (C:\\Users\\andyb\\Desktop\\Learning To Code\\Projects\\Node-JS\\vidly\\node_modules\\express\\lib\\router\\index.js:175:3)\n    at router (C:\\Users\\andyb\\Desktop\\Learning To Code\\Projects\\Node-JS\\vidly\\node_modules\\express\\lib\\router\\index.js:47:12)\n    at newFn (C:\\Users\\andyb\\Desktop\\Learning To Code\\Projects\\Node-JS\\vidly\\node_modules\\express-async-errors\\index.js:16:20)\n    at Layer.handle [as handle_request] (C:\\Users\\andyb\\Desktop\\Learning To Code\\Projects\\Node-JS\\vidly\\node_modules\\express\\lib\\router\\layer.js:95:5)\n    at trim_prefix (C:\\Users\\andyb\\Desktop\\Learning To Code\\Projects\\Node-JS\\vidly\\node_modules\\express\\lib\\router\\index.js:328:13)\n    at C:\\Users\\andyb\\Desktop\\Learning To Code\\Projects\\Node-JS\\vidly\\node_modules\\express\\lib\\router\\index.js:286:9\n    at Function.process_params (C:\\Users\\andyb\\Desktop\\Learning To Code\\Projects\\Node-JS\\vidly\\node_modules\\express\\lib\\router\\index.js:346:12)\n    at next (C:\\Users\\andyb\\Desktop\\Learning To Code\\Projects\\Node-JS\\vidly\\node_modules\\express\\lib\\router\\index.js:280:10)\n    at C:\\Users\\andyb\\Desktop\\Learning To Code\\Projects\\Node-JS\\vidly\\node_modules\\body-parser\\lib\\read.js:137:5\n    at AsyncResource.runInAsyncScope (node:async_hooks:203:9)\n    at invokeCallback (C:\\Users\\andyb\\Desktop\\Learning To Code\\Projects\\Node-JS\\vidly\\node_modules\\raw-body\\index.js:231:16)\n    at done (C:\\Users\\andyb\\Desktop\\Learning To Code\\Projects\\Node-JS\\vidly\\node_modules\\raw-body\\index.js:220:7)\n    at IncomingMessage.onEnd (C:\\Users\\andyb\\Desktop\\Learning To Code\\Projects\\Node-JS\\vidly\\node_modules\\raw-body\\index.js:280:7)\n    at IncomingMessage.emit (node:events:525:35)\n    at endReadableNT (node:internal/streams/readable:1358:12)\n    at processTicksAndRejections (node:internal/process/task_queues:83:21)"}
{"level":"error","message":"mongoose.Types.ObjectId(...).isValid is not a function mongoose.Types.ObjectId(...).isValid is not a function","stack":"TypeError: mongoose.Types.ObjectId(...).isValid is not a function\n    at isValid (C:\\Users\\andyb\\Desktop\\Learning To Code\\Projects\\Node-JS\\vidly\\routes\\genres.js:45:36)\n    at newFn (C:\\Users\\andyb\\Desktop\\Learning To Code\\Projects\\Node-JS\\vidly\\node_modules\\express-async-errors\\index.js:16:20)\n    at Layer.handle [as handle_request] (C:\\Users\\andyb\\Desktop\\Learning To Code\\Projects\\Node-JS\\vidly\\node_modules\\express\\lib\\router\\layer.js:95:5)\n    at next (C:\\Users\\andyb\\Desktop\\Learning To Code\\Projects\\Node-JS\\vidly\\node_modules\\express\\lib\\router\\route.js:144:13)\n    at next (C:\\Users\\andyb\\Desktop\\Learning To Code\\Projects\\Node-JS\\vidly\\middleware\\auth.js:11:9)\n    at newFn (C:\\Users\\andyb\\Desktop\\Learning To Code\\Projects\\Node-JS\\vidly\\node_modules\\express-async-errors\\index.js:16:20)\n    at Layer.handle [as handle_request] (C:\\Users\\andyb\\Desktop\\Learning To Code\\Projects\\Node-JS\\vidly\\node_modules\\express\\lib\\router\\layer.js:95:5)\n    at next (C:\\Users\\andyb\\Desktop\\Learning To Code\\Projects\\Node-JS\\vidly\\node_modules\\express\\lib\\router\\route.js:144:13)\n    at Route.dispatch (C:\\Users\\andyb\\Desktop\\Learning To Code\\Projects\\Node-JS\\vidly\\node_modules\\express\\lib\\router\\route.js:114:3)\n    at newFn (C:\\Users\\andyb\\Desktop\\Learning To Code\\Projects\\Node-JS\\vidly\\node_modules\\express-async-errors\\index.js:16:20)\n    at Layer.handle [as handle_request] (C:\\Users\\andyb\\Desktop\\Learning To Code\\Projects\\Node-JS\\vidly\\node_modules\\express\\lib\\router\\layer.js:95:5)\n    at C:\\Users\\andyb\\Desktop\\Learning To Code\\Projects\\Node-JS\\vidly\\node_modules\\express\\lib\\router\\index.js:284:15\n    at param (C:\\Users\\andyb\\Desktop\\Learning To Code\\Projects\\Node-JS\\vidly\\node_modules\\express\\lib\\router\\index.js:365:14)\n    at param (C:\\Users\\andyb\\Desktop\\Learning To Code\\Projects\\Node-JS\\vidly\\node_modules\\express\\lib\\router\\index.js:376:14)\n    at Function.process_params (C:\\Users\\andyb\\Desktop\\Learning To Code\\Projects\\Node-JS\\vidly\\node_modules\\express\\lib\\router\\index.js:421:3)\n    at next (C:\\Users\\andyb\\Desktop\\Learning To Code\\Projects\\Node-JS\\vidly\\node_modules\\express\\lib\\router\\index.js:280:10)\n    at Function.handle (C:\\Users\\andyb\\Desktop\\Learning To Code\\Projects\\Node-JS\\vidly\\node_modules\\express\\lib\\router\\index.js:175:3)\n    at router (C:\\Users\\andyb\\Desktop\\Learning To Code\\Projects\\Node-JS\\vidly\\node_modules\\express\\lib\\router\\index.js:47:12)\n    at newFn (C:\\Users\\andyb\\Desktop\\Learning To Code\\Projects\\Node-JS\\vidly\\node_modules\\express-async-errors\\index.js:16:20)\n    at Layer.handle [as handle_request] (C:\\Users\\andyb\\Desktop\\Learning To Code\\Projects\\Node-JS\\vidly\\node_modules\\express\\lib\\router\\layer.js:95:5)\n    at trim_prefix (C:\\Users\\andyb\\Desktop\\Learning To Code\\Projects\\Node-JS\\vidly\\node_modules\\express\\lib\\router\\index.js:328:13)\n    at C:\\Users\\andyb\\Desktop\\Learning To Code\\Projects\\Node-JS\\vidly\\node_modules\\express\\lib\\router\\index.js:286:9\n    at Function.process_params (C:\\Users\\andyb\\Desktop\\Learning To Code\\Projects\\Node-JS\\vidly\\node_modules\\express\\lib\\router\\index.js:346:12)\n    at next (C:\\Users\\andyb\\Desktop\\Learning To Code\\Projects\\Node-JS\\vidly\\node_modules\\express\\lib\\router\\index.js:280:10)\n    at C:\\Users\\andyb\\Desktop\\Learning To Code\\Projects\\Node-JS\\vidly\\node_modules\\body-parser\\lib\\read.js:137:5\n    at AsyncResource.runInAsyncScope (node:async_hooks:203:9)\n    at invokeCallback (C:\\Users\\andyb\\Desktop\\Learning To Code\\Projects\\Node-JS\\vidly\\node_modules\\raw-body\\index.js:231:16)\n    at done (C:\\Users\\andyb\\Desktop\\Learning To Code\\Projects\\Node-JS\\vidly\\node_modules\\raw-body\\index.js:220:7)\n    at IncomingMessage.onEnd (C:\\Users\\andyb\\Desktop\\Learning To Code\\Projects\\Node-JS\\vidly\\node_modules\\raw-body\\index.js:280:7)\n    at IncomingMessage.emit (node:events:525:35)\n    at endReadableNT (node:internal/streams/readable:1358:12)\n    at processTicksAndRejections (node:internal/process/task_queues:83:21)"}
{"level":"info","message":"Listening on port 3000"}
{"level":"info","message":"Connected to mongodb://localhost:27017/vidly_tests"}
{"level":"info","message":"Listening on port 3000"}
{"level":"info","message":"Connected to mongodb://localhost:27017/vidly_tests"}
{"level":"error","message":"mongoose.Types.ObjectId(...).isValid is not a function mongoose.Types.ObjectId(...).isValid is not a function","stack":"TypeError: mongoose.Types.ObjectId(...).isValid is not a function\n    at isValid (C:\\Users\\andyb\\Desktop\\Learning To Code\\Projects\\Node-JS\\vidly\\routes\\genres.js:45:36)\n    at newFn (C:\\Users\\andyb\\Desktop\\Learning To Code\\Projects\\Node-JS\\vidly\\node_modules\\express-async-errors\\index.js:16:20)\n    at Layer.handle [as handle_request] (C:\\Users\\andyb\\Desktop\\Learning To Code\\Projects\\Node-JS\\vidly\\node_modules\\express\\lib\\router\\layer.js:95:5)\n    at next (C:\\Users\\andyb\\Desktop\\Learning To Code\\Projects\\Node-JS\\vidly\\node_modules\\express\\lib\\router\\route.js:144:13)\n    at next (C:\\Users\\andyb\\Desktop\\Learning To Code\\Projects\\Node-JS\\vidly\\middleware\\auth.js:11:9)\n    at newFn (C:\\Users\\andyb\\Desktop\\Learning To Code\\Projects\\Node-JS\\vidly\\node_modules\\express-async-errors\\index.js:16:20)\n    at Layer.handle [as handle_request] (C:\\Users\\andyb\\Desktop\\Learning To Code\\Projects\\Node-JS\\vidly\\node_modules\\express\\lib\\router\\layer.js:95:5)\n    at next (C:\\Users\\andyb\\Desktop\\Learning To Code\\Projects\\Node-JS\\vidly\\node_modules\\express\\lib\\router\\route.js:144:13)\n    at Route.dispatch (C:\\Users\\andyb\\Desktop\\Learning To Code\\Projects\\Node-JS\\vidly\\node_modules\\express\\lib\\router\\route.js:114:3)\n    at newFn (C:\\Users\\andyb\\Desktop\\Learning To Code\\Projects\\Node-JS\\vidly\\node_modules\\express-async-errors\\index.js:16:20)\n    at Layer.handle [as handle_request] (C:\\Users\\andyb\\Desktop\\Learning To Code\\Projects\\Node-JS\\vidly\\node_modules\\express\\lib\\router\\layer.js:95:5)\n    at C:\\Users\\andyb\\Desktop\\Learning To Code\\Projects\\Node-JS\\vidly\\node_modules\\express\\lib\\router\\index.js:284:15\n    at param (C:\\Users\\andyb\\Desktop\\Learning To Code\\Projects\\Node-JS\\vidly\\node_modules\\express\\lib\\router\\index.js:365:14)\n    at param (C:\\Users\\andyb\\Desktop\\Learning To Code\\Projects\\Node-JS\\vidly\\node_modules\\express\\lib\\router\\index.js:376:14)\n    at Function.process_params (C:\\Users\\andyb\\Desktop\\Learning To Code\\Projects\\Node-JS\\vidly\\node_modules\\express\\lib\\router\\index.js:421:3)\n    at next (C:\\Users\\andyb\\Desktop\\Learning To Code\\Projects\\Node-JS\\vidly\\node_modules\\express\\lib\\router\\index.js:280:10)\n    at Function.handle (C:\\Users\\andyb\\Desktop\\Learning To Code\\Projects\\Node-JS\\vidly\\node_modules\\express\\lib\\router\\index.js:175:3)\n    at router (C:\\Users\\andyb\\Desktop\\Learning To Code\\Projects\\Node-JS\\vidly\\node_modules\\express\\lib\\router\\index.js:47:12)\n    at newFn (C:\\Users\\andyb\\Desktop\\Learning To Code\\Projects\\Node-JS\\vidly\\node_modules\\express-async-errors\\index.js:16:20)\n    at Layer.handle [as handle_request] (C:\\Users\\andyb\\Desktop\\Learning To Code\\Projects\\Node-JS\\vidly\\node_modules\\express\\lib\\router\\layer.js:95:5)\n    at trim_prefix (C:\\Users\\andyb\\Desktop\\Learning To Code\\Projects\\Node-JS\\vidly\\node_modules\\express\\lib\\router\\index.js:328:13)\n    at C:\\Users\\andyb\\Desktop\\Learning To Code\\Projects\\Node-JS\\vidly\\node_modules\\express\\lib\\router\\index.js:286:9\n    at Function.process_params (C:\\Users\\andyb\\Desktop\\Learning To Code\\Projects\\Node-JS\\vidly\\node_modules\\express\\lib\\router\\index.js:346:12)\n    at next (C:\\Users\\andyb\\Desktop\\Learning To Code\\Projects\\Node-JS\\vidly\\node_modules\\express\\lib\\router\\index.js:280:10)\n    at C:\\Users\\andyb\\Desktop\\Learning To Code\\Projects\\Node-JS\\vidly\\node_modules\\body-parser\\lib\\read.js:137:5\n    at AsyncResource.runInAsyncScope (node:async_hooks:203:9)\n    at invokeCallback (C:\\Users\\andyb\\Desktop\\Learning To Code\\Projects\\Node-JS\\vidly\\node_modules\\raw-body\\index.js:231:16)\n    at done (C:\\Users\\andyb\\Desktop\\Learning To Code\\Projects\\Node-JS\\vidly\\node_modules\\raw-body\\index.js:220:7)\n    at IncomingMessage.onEnd (C:\\Users\\andyb\\Desktop\\Learning To Code\\Projects\\Node-JS\\vidly\\node_modules\\raw-body\\index.js:280:7)\n    at IncomingMessage.emit (node:events:525:35)\n    at endReadableNT (node:internal/streams/readable:1358:12)\n    at processTicksAndRejections (node:internal/process/task_queues:83:21)"}
{"level":"error","message":"mongoose.Types.ObjectId(...).isValid is not a function mongoose.Types.ObjectId(...).isValid is not a function","stack":"TypeError: mongoose.Types.ObjectId(...).isValid is not a function\n    at isValid (C:\\Users\\andyb\\Desktop\\Learning To Code\\Projects\\Node-JS\\vidly\\routes\\genres.js:45:36)\n    at newFn (C:\\Users\\andyb\\Desktop\\Learning To Code\\Projects\\Node-JS\\vidly\\node_modules\\express-async-errors\\index.js:16:20)\n    at Layer.handle [as handle_request] (C:\\Users\\andyb\\Desktop\\Learning To Code\\Projects\\Node-JS\\vidly\\node_modules\\express\\lib\\router\\layer.js:95:5)\n    at next (C:\\Users\\andyb\\Desktop\\Learning To Code\\Projects\\Node-JS\\vidly\\node_modules\\express\\lib\\router\\route.js:144:13)\n    at next (C:\\Users\\andyb\\Desktop\\Learning To Code\\Projects\\Node-JS\\vidly\\middleware\\auth.js:11:9)\n    at newFn (C:\\Users\\andyb\\Desktop\\Learning To Code\\Projects\\Node-JS\\vidly\\node_modules\\express-async-errors\\index.js:16:20)\n    at Layer.handle [as handle_request] (C:\\Users\\andyb\\Desktop\\Learning To Code\\Projects\\Node-JS\\vidly\\node_modules\\express\\lib\\router\\layer.js:95:5)\n    at next (C:\\Users\\andyb\\Desktop\\Learning To Code\\Projects\\Node-JS\\vidly\\node_modules\\express\\lib\\router\\route.js:144:13)\n    at Route.dispatch (C:\\Users\\andyb\\Desktop\\Learning To Code\\Projects\\Node-JS\\vidly\\node_modules\\express\\lib\\router\\route.js:114:3)\n    at newFn (C:\\Users\\andyb\\Desktop\\Learning To Code\\Projects\\Node-JS\\vidly\\node_modules\\express-async-errors\\index.js:16:20)\n    at Layer.handle [as handle_request] (C:\\Users\\andyb\\Desktop\\Learning To Code\\Projects\\Node-JS\\vidly\\node_modules\\express\\lib\\router\\layer.js:95:5)\n    at C:\\Users\\andyb\\Desktop\\Learning To Code\\Projects\\Node-JS\\vidly\\node_modules\\express\\lib\\router\\index.js:284:15\n    at param (C:\\Users\\andyb\\Desktop\\Learning To Code\\Projects\\Node-JS\\vidly\\node_modules\\express\\lib\\router\\index.js:365:14)\n    at param (C:\\Users\\andyb\\Desktop\\Learning To Code\\Projects\\Node-JS\\vidly\\node_modules\\express\\lib\\router\\index.js:376:14)\n    at Function.process_params (C:\\Users\\andyb\\Desktop\\Learning To Code\\Projects\\Node-JS\\vidly\\node_modules\\express\\lib\\router\\index.js:421:3)\n    at next (C:\\Users\\andyb\\Desktop\\Learning To Code\\Projects\\Node-JS\\vidly\\node_modules\\express\\lib\\router\\index.js:280:10)\n    at Function.handle (C:\\Users\\andyb\\Desktop\\Learning To Code\\Projects\\Node-JS\\vidly\\node_modules\\express\\lib\\router\\index.js:175:3)\n    at router (C:\\Users\\andyb\\Desktop\\Learning To Code\\Projects\\Node-JS\\vidly\\node_modules\\express\\lib\\router\\index.js:47:12)\n    at newFn (C:\\Users\\andyb\\Desktop\\Learning To Code\\Projects\\Node-JS\\vidly\\node_modules\\express-async-errors\\index.js:16:20)\n    at Layer.handle [as handle_request] (C:\\Users\\andyb\\Desktop\\Learning To Code\\Projects\\Node-JS\\vidly\\node_modules\\express\\lib\\router\\layer.js:95:5)\n    at trim_prefix (C:\\Users\\andyb\\Desktop\\Learning To Code\\Projects\\Node-JS\\vidly\\node_modules\\express\\lib\\router\\index.js:328:13)\n    at C:\\Users\\andyb\\Desktop\\Learning To Code\\Projects\\Node-JS\\vidly\\node_modules\\express\\lib\\router\\index.js:286:9\n    at Function.process_params (C:\\Users\\andyb\\Desktop\\Learning To Code\\Projects\\Node-JS\\vidly\\node_modules\\express\\lib\\router\\index.js:346:12)\n    at next (C:\\Users\\andyb\\Desktop\\Learning To Code\\Projects\\Node-JS\\vidly\\node_modules\\express\\lib\\router\\index.js:280:10)\n    at C:\\Users\\andyb\\Desktop\\Learning To Code\\Projects\\Node-JS\\vidly\\node_modules\\body-parser\\lib\\read.js:137:5\n    at AsyncResource.runInAsyncScope (node:async_hooks:203:9)\n    at invokeCallback (C:\\Users\\andyb\\Desktop\\Learning To Code\\Projects\\Node-JS\\vidly\\node_modules\\raw-body\\index.js:231:16)\n    at done (C:\\Users\\andyb\\Desktop\\Learning To Code\\Projects\\Node-JS\\vidly\\node_modules\\raw-body\\index.js:220:7)\n    at IncomingMessage.onEnd (C:\\Users\\andyb\\Desktop\\Learning To Code\\Projects\\Node-JS\\vidly\\node_modules\\raw-body\\index.js:280:7)\n    at IncomingMessage.emit (node:events:525:35)\n    at endReadableNT (node:internal/streams/readable:1358:12)\n    at processTicksAndRejections (node:internal/process/task_queues:83:21)"}
{"level":"error","message":"mongoose.Types.ObjectId(...).isValid is not a function mongoose.Types.ObjectId(...).isValid is not a function","stack":"TypeError: mongoose.Types.ObjectId(...).isValid is not a function\n    at isValid (C:\\Users\\andyb\\Desktop\\Learning To Code\\Projects\\Node-JS\\vidly\\routes\\genres.js:45:36)\n    at newFn (C:\\Users\\andyb\\Desktop\\Learning To Code\\Projects\\Node-JS\\vidly\\node_modules\\express-async-errors\\index.js:16:20)\n    at Layer.handle [as handle_request] (C:\\Users\\andyb\\Desktop\\Learning To Code\\Projects\\Node-JS\\vidly\\node_modules\\express\\lib\\router\\layer.js:95:5)\n    at next (C:\\Users\\andyb\\Desktop\\Learning To Code\\Projects\\Node-JS\\vidly\\node_modules\\express\\lib\\router\\route.js:144:13)\n    at next (C:\\Users\\andyb\\Desktop\\Learning To Code\\Projects\\Node-JS\\vidly\\middleware\\auth.js:11:9)\n    at newFn (C:\\Users\\andyb\\Desktop\\Learning To Code\\Projects\\Node-JS\\vidly\\node_modules\\express-async-errors\\index.js:16:20)\n    at Layer.handle [as handle_request] (C:\\Users\\andyb\\Desktop\\Learning To Code\\Projects\\Node-JS\\vidly\\node_modules\\express\\lib\\router\\layer.js:95:5)\n    at next (C:\\Users\\andyb\\Desktop\\Learning To Code\\Projects\\Node-JS\\vidly\\node_modules\\express\\lib\\router\\route.js:144:13)\n    at Route.dispatch (C:\\Users\\andyb\\Desktop\\Learning To Code\\Projects\\Node-JS\\vidly\\node_modules\\express\\lib\\router\\route.js:114:3)\n    at newFn (C:\\Users\\andyb\\Desktop\\Learning To Code\\Projects\\Node-JS\\vidly\\node_modules\\express-async-errors\\index.js:16:20)\n    at Layer.handle [as handle_request] (C:\\Users\\andyb\\Desktop\\Learning To Code\\Projects\\Node-JS\\vidly\\node_modules\\express\\lib\\router\\layer.js:95:5)\n    at C:\\Users\\andyb\\Desktop\\Learning To Code\\Projects\\Node-JS\\vidly\\node_modules\\express\\lib\\router\\index.js:284:15\n    at param (C:\\Users\\andyb\\Desktop\\Learning To Code\\Projects\\Node-JS\\vidly\\node_modules\\express\\lib\\router\\index.js:365:14)\n    at param (C:\\Users\\andyb\\Desktop\\Learning To Code\\Projects\\Node-JS\\vidly\\node_modules\\express\\lib\\router\\index.js:376:14)\n    at Function.process_params (C:\\Users\\andyb\\Desktop\\Learning To Code\\Projects\\Node-JS\\vidly\\node_modules\\express\\lib\\router\\index.js:421:3)\n    at next (C:\\Users\\andyb\\Desktop\\Learning To Code\\Projects\\Node-JS\\vidly\\node_modules\\express\\lib\\router\\index.js:280:10)\n    at Function.handle (C:\\Users\\andyb\\Desktop\\Learning To Code\\Projects\\Node-JS\\vidly\\node_modules\\express\\lib\\router\\index.js:175:3)\n    at router (C:\\Users\\andyb\\Desktop\\Learning To Code\\Projects\\Node-JS\\vidly\\node_modules\\express\\lib\\router\\index.js:47:12)\n    at newFn (C:\\Users\\andyb\\Desktop\\Learning To Code\\Projects\\Node-JS\\vidly\\node_modules\\express-async-errors\\index.js:16:20)\n    at Layer.handle [as handle_request] (C:\\Users\\andyb\\Desktop\\Learning To Code\\Projects\\Node-JS\\vidly\\node_modules\\express\\lib\\router\\layer.js:95:5)\n    at trim_prefix (C:\\Users\\andyb\\Desktop\\Learning To Code\\Projects\\Node-JS\\vidly\\node_modules\\express\\lib\\router\\index.js:328:13)\n    at C:\\Users\\andyb\\Desktop\\Learning To Code\\Projects\\Node-JS\\vidly\\node_modules\\express\\lib\\router\\index.js:286:9\n    at Function.process_params (C:\\Users\\andyb\\Desktop\\Learning To Code\\Projects\\Node-JS\\vidly\\node_modules\\express\\lib\\router\\index.js:346:12)\n    at next (C:\\Users\\andyb\\Desktop\\Learning To Code\\Projects\\Node-JS\\vidly\\node_modules\\express\\lib\\router\\index.js:280:10)\n    at C:\\Users\\andyb\\Desktop\\Learning To Code\\Projects\\Node-JS\\vidly\\node_modules\\body-parser\\lib\\read.js:137:5\n    at AsyncResource.runInAsyncScope (node:async_hooks:203:9)\n    at invokeCallback (C:\\Users\\andyb\\Desktop\\Learning To Code\\Projects\\Node-JS\\vidly\\node_modules\\raw-body\\index.js:231:16)\n    at done (C:\\Users\\andyb\\Desktop\\Learning To Code\\Projects\\Node-JS\\vidly\\node_modules\\raw-body\\index.js:220:7)\n    at IncomingMessage.onEnd (C:\\Users\\andyb\\Desktop\\Learning To Code\\Projects\\Node-JS\\vidly\\node_modules\\raw-body\\index.js:280:7)\n    at IncomingMessage.emit (node:events:525:35)\n    at endReadableNT (node:internal/streams/readable:1358:12)\n    at processTicksAndRejections (node:internal/process/task_queues:83:21)"}
{"level":"error","message":"mongoose.Types.ObjectId(...).isValid is not a function mongoose.Types.ObjectId(...).isValid is not a function","stack":"TypeError: mongoose.Types.ObjectId(...).isValid is not a function\n    at isValid (C:\\Users\\andyb\\Desktop\\Learning To Code\\Projects\\Node-JS\\vidly\\routes\\genres.js:45:36)\n    at newFn (C:\\Users\\andyb\\Desktop\\Learning To Code\\Projects\\Node-JS\\vidly\\node_modules\\express-async-errors\\index.js:16:20)\n    at Layer.handle [as handle_request] (C:\\Users\\andyb\\Desktop\\Learning To Code\\Projects\\Node-JS\\vidly\\node_modules\\express\\lib\\router\\layer.js:95:5)\n    at next (C:\\Users\\andyb\\Desktop\\Learning To Code\\Projects\\Node-JS\\vidly\\node_modules\\express\\lib\\router\\route.js:144:13)\n    at next (C:\\Users\\andyb\\Desktop\\Learning To Code\\Projects\\Node-JS\\vidly\\middleware\\auth.js:11:9)\n    at newFn (C:\\Users\\andyb\\Desktop\\Learning To Code\\Projects\\Node-JS\\vidly\\node_modules\\express-async-errors\\index.js:16:20)\n    at Layer.handle [as handle_request] (C:\\Users\\andyb\\Desktop\\Learning To Code\\Projects\\Node-JS\\vidly\\node_modules\\express\\lib\\router\\layer.js:95:5)\n    at next (C:\\Users\\andyb\\Desktop\\Learning To Code\\Projects\\Node-JS\\vidly\\node_modules\\express\\lib\\router\\route.js:144:13)\n    at Route.dispatch (C:\\Users\\andyb\\Desktop\\Learning To Code\\Projects\\Node-JS\\vidly\\node_modules\\express\\lib\\router\\route.js:114:3)\n    at newFn (C:\\Users\\andyb\\Desktop\\Learning To Code\\Projects\\Node-JS\\vidly\\node_modules\\express-async-errors\\index.js:16:20)\n    at Layer.handle [as handle_request] (C:\\Users\\andyb\\Desktop\\Learning To Code\\Projects\\Node-JS\\vidly\\node_modules\\express\\lib\\router\\layer.js:95:5)\n    at C:\\Users\\andyb\\Desktop\\Learning To Code\\Projects\\Node-JS\\vidly\\node_modules\\express\\lib\\router\\index.js:284:15\n    at param (C:\\Users\\andyb\\Desktop\\Learning To Code\\Projects\\Node-JS\\vidly\\node_modules\\express\\lib\\router\\index.js:365:14)\n    at param (C:\\Users\\andyb\\Desktop\\Learning To Code\\Projects\\Node-JS\\vidly\\node_modules\\express\\lib\\router\\index.js:376:14)\n    at Function.process_params (C:\\Users\\andyb\\Desktop\\Learning To Code\\Projects\\Node-JS\\vidly\\node_modules\\express\\lib\\router\\index.js:421:3)\n    at next (C:\\Users\\andyb\\Desktop\\Learning To Code\\Projects\\Node-JS\\vidly\\node_modules\\express\\lib\\router\\index.js:280:10)\n    at Function.handle (C:\\Users\\andyb\\Desktop\\Learning To Code\\Projects\\Node-JS\\vidly\\node_modules\\express\\lib\\router\\index.js:175:3)\n    at router (C:\\Users\\andyb\\Desktop\\Learning To Code\\Projects\\Node-JS\\vidly\\node_modules\\express\\lib\\router\\index.js:47:12)\n    at newFn (C:\\Users\\andyb\\Desktop\\Learning To Code\\Projects\\Node-JS\\vidly\\node_modules\\express-async-errors\\index.js:16:20)\n    at Layer.handle [as handle_request] (C:\\Users\\andyb\\Desktop\\Learning To Code\\Projects\\Node-JS\\vidly\\node_modules\\express\\lib\\router\\layer.js:95:5)\n    at trim_prefix (C:\\Users\\andyb\\Desktop\\Learning To Code\\Projects\\Node-JS\\vidly\\node_modules\\express\\lib\\router\\index.js:328:13)\n    at C:\\Users\\andyb\\Desktop\\Learning To Code\\Projects\\Node-JS\\vidly\\node_modules\\express\\lib\\router\\index.js:286:9\n    at Function.process_params (C:\\Users\\andyb\\Desktop\\Learning To Code\\Projects\\Node-JS\\vidly\\node_modules\\express\\lib\\router\\index.js:346:12)\n    at next (C:\\Users\\andyb\\Desktop\\Learning To Code\\Projects\\Node-JS\\vidly\\node_modules\\express\\lib\\router\\index.js:280:10)\n    at C:\\Users\\andyb\\Desktop\\Learning To Code\\Projects\\Node-JS\\vidly\\node_modules\\body-parser\\lib\\read.js:137:5\n    at AsyncResource.runInAsyncScope (node:async_hooks:203:9)\n    at invokeCallback (C:\\Users\\andyb\\Desktop\\Learning To Code\\Projects\\Node-JS\\vidly\\node_modules\\raw-body\\index.js:231:16)\n    at done (C:\\Users\\andyb\\Desktop\\Learning To Code\\Projects\\Node-JS\\vidly\\node_modules\\raw-body\\index.js:220:7)\n    at IncomingMessage.onEnd (C:\\Users\\andyb\\Desktop\\Learning To Code\\Projects\\Node-JS\\vidly\\node_modules\\raw-body\\index.js:280:7)\n    at IncomingMessage.emit (node:events:525:35)\n    at endReadableNT (node:internal/streams/readable:1358:12)\n    at processTicksAndRejections (node:internal/process/task_queues:83:21)"}
{"level":"error","message":"mongoose.Types.ObjectId(...).isValid is not a function mongoose.Types.ObjectId(...).isValid is not a function","stack":"TypeError: mongoose.Types.ObjectId(...).isValid is not a function\n    at isValid (C:\\Users\\andyb\\Desktop\\Learning To Code\\Projects\\Node-JS\\vidly\\routes\\genres.js:45:36)\n    at newFn (C:\\Users\\andyb\\Desktop\\Learning To Code\\Projects\\Node-JS\\vidly\\node_modules\\express-async-errors\\index.js:16:20)\n    at Layer.handle [as handle_request] (C:\\Users\\andyb\\Desktop\\Learning To Code\\Projects\\Node-JS\\vidly\\node_modules\\express\\lib\\router\\layer.js:95:5)\n    at next (C:\\Users\\andyb\\Desktop\\Learning To Code\\Projects\\Node-JS\\vidly\\node_modules\\express\\lib\\router\\route.js:144:13)\n    at next (C:\\Users\\andyb\\Desktop\\Learning To Code\\Projects\\Node-JS\\vidly\\middleware\\auth.js:11:9)\n    at newFn (C:\\Users\\andyb\\Desktop\\Learning To Code\\Projects\\Node-JS\\vidly\\node_modules\\express-async-errors\\index.js:16:20)\n    at Layer.handle [as handle_request] (C:\\Users\\andyb\\Desktop\\Learning To Code\\Projects\\Node-JS\\vidly\\node_modules\\express\\lib\\router\\layer.js:95:5)\n    at next (C:\\Users\\andyb\\Desktop\\Learning To Code\\Projects\\Node-JS\\vidly\\node_modules\\express\\lib\\router\\route.js:144:13)\n    at Route.dispatch (C:\\Users\\andyb\\Desktop\\Learning To Code\\Projects\\Node-JS\\vidly\\node_modules\\express\\lib\\router\\route.js:114:3)\n    at newFn (C:\\Users\\andyb\\Desktop\\Learning To Code\\Projects\\Node-JS\\vidly\\node_modules\\express-async-errors\\index.js:16:20)\n    at Layer.handle [as handle_request] (C:\\Users\\andyb\\Desktop\\Learning To Code\\Projects\\Node-JS\\vidly\\node_modules\\express\\lib\\router\\layer.js:95:5)\n    at C:\\Users\\andyb\\Desktop\\Learning To Code\\Projects\\Node-JS\\vidly\\node_modules\\express\\lib\\router\\index.js:284:15\n    at param (C:\\Users\\andyb\\Desktop\\Learning To Code\\Projects\\Node-JS\\vidly\\node_modules\\express\\lib\\router\\index.js:365:14)\n    at param (C:\\Users\\andyb\\Desktop\\Learning To Code\\Projects\\Node-JS\\vidly\\node_modules\\express\\lib\\router\\index.js:376:14)\n    at Function.process_params (C:\\Users\\andyb\\Desktop\\Learning To Code\\Projects\\Node-JS\\vidly\\node_modules\\express\\lib\\router\\index.js:421:3)\n    at next (C:\\Users\\andyb\\Desktop\\Learning To Code\\Projects\\Node-JS\\vidly\\node_modules\\express\\lib\\router\\index.js:280:10)\n    at Function.handle (C:\\Users\\andyb\\Desktop\\Learning To Code\\Projects\\Node-JS\\vidly\\node_modules\\express\\lib\\router\\index.js:175:3)\n    at router (C:\\Users\\andyb\\Desktop\\Learning To Code\\Projects\\Node-JS\\vidly\\node_modules\\express\\lib\\router\\index.js:47:12)\n    at newFn (C:\\Users\\andyb\\Desktop\\Learning To Code\\Projects\\Node-JS\\vidly\\node_modules\\express-async-errors\\index.js:16:20)\n    at Layer.handle [as handle_request] (C:\\Users\\andyb\\Desktop\\Learning To Code\\Projects\\Node-JS\\vidly\\node_modules\\express\\lib\\router\\layer.js:95:5)\n    at trim_prefix (C:\\Users\\andyb\\Desktop\\Learning To Code\\Projects\\Node-JS\\vidly\\node_modules\\express\\lib\\router\\index.js:328:13)\n    at C:\\Users\\andyb\\Desktop\\Learning To Code\\Projects\\Node-JS\\vidly\\node_modules\\express\\lib\\router\\index.js:286:9\n    at Function.process_params (C:\\Users\\andyb\\Desktop\\Learning To Code\\Projects\\Node-JS\\vidly\\node_modules\\express\\lib\\router\\index.js:346:12)\n    at next (C:\\Users\\andyb\\Desktop\\Learning To Code\\Projects\\Node-JS\\vidly\\node_modules\\express\\lib\\router\\index.js:280:10)\n    at C:\\Users\\andyb\\Desktop\\Learning To Code\\Projects\\Node-JS\\vidly\\node_modules\\body-parser\\lib\\read.js:137:5\n    at AsyncResource.runInAsyncScope (node:async_hooks:203:9)\n    at invokeCallback (C:\\Users\\andyb\\Desktop\\Learning To Code\\Projects\\Node-JS\\vidly\\node_modules\\raw-body\\index.js:231:16)\n    at done (C:\\Users\\andyb\\Desktop\\Learning To Code\\Projects\\Node-JS\\vidly\\node_modules\\raw-body\\index.js:220:7)\n    at IncomingMessage.onEnd (C:\\Users\\andyb\\Desktop\\Learning To Code\\Projects\\Node-JS\\vidly\\node_modules\\raw-body\\index.js:280:7)\n    at IncomingMessage.emit (node:events:525:35)\n    at endReadableNT (node:internal/streams/readable:1358:12)\n    at processTicksAndRejections (node:internal/process/task_queues:83:21)"}
{"level":"info","message":"Listening on port 3000"}
{"level":"info","message":"Connected to mongodb://localhost:27017/vidly_tests"}
{"level":"info","message":"Connected to mongodb://localhost:27017/vidly_tests"}
{"level":"info","message":"Listening on port 3000"}
{"kind":"ObjectId","level":"error","message":"Cast to ObjectId failed for value \"1\" (type string) at path \"_id\" for model \"Genre\" Cast to ObjectId failed for value \"1\" (type string) at path \"_id\" for model \"Genre\"","path":"_id","reason":{},"stack":"CastError: Cast to ObjectId failed for value \"1\" (type string) at path \"_id\" for model \"Genre\"\n    at model.Query.exec (C:\\Users\\andyb\\Desktop\\Learning To Code\\Projects\\Node-JS\\vidly\\node_modules\\mongoose\\lib\\query.js:4891:21)\n    at model.Query.Object.<anonymous>.Query.then (C:\\Users\\andyb\\Desktop\\Learning To Code\\Projects\\Node-JS\\vidly\\node_modules\\mongoose\\lib\\query.js:4990:15)\n    at processTicksAndRejections (node:internal/process/task_queues:96:5)","stringValue":"\"1\"","value":"1","valueType":"string"}
{"code":"ERR_HTTP_HEADERS_SENT","level":"error","message":"Cannot set headers after they are sent to the client Cannot set headers after they are sent to the client","stack":"Error: Cannot set headers after they are sent to the client\n    at new NodeError (node:internal/errors:387:5)\n    at ServerResponse.setHeader (node:_http_outgoing:603:11)\n    at ServerResponse.header (C:\\Users\\andyb\\Desktop\\Learning To Code\\Projects\\Node-JS\\vidly\\node_modules\\express\\lib\\response.js:794:10)\n    at ServerResponse.send (C:\\Users\\andyb\\Desktop\\Learning To Code\\Projects\\Node-JS\\vidly\\node_modules\\express\\lib\\response.js:174:12)\n    at send (C:\\Users\\andyb\\Desktop\\Learning To Code\\Projects\\Node-JS\\vidly\\routes\\genres.js:52:9)\n    at processTicksAndRejections (node:internal/process/task_queues:96:5)"}
{"level":"info","message":"Listening on port 3000"}
{"level":"info","message":"Connected to mongodb://localhost:27017/vidly_tests"}
{"level":"info","message":"Listening on port 3000"}
{"level":"info","message":"Connected to mongodb://localhost:27017/vidly_tests"}
{"kind":"ObjectId","level":"error","message":"Cast to ObjectId failed for value \"1\" (type string) at path \"_id\" for model \"Genre\" Cast to ObjectId failed for value \"1\" (type string) at path \"_id\" for model \"Genre\"","path":"_id","reason":{},"stack":"CastError: Cast to ObjectId failed for value \"1\" (type string) at path \"_id\" for model \"Genre\"\n    at model.Query.exec (C:\\Users\\andyb\\Desktop\\Learning To Code\\Projects\\Node-JS\\vidly\\node_modules\\mongoose\\lib\\query.js:4891:21)\n    at model.Query.Object.<anonymous>.Query.then (C:\\Users\\andyb\\Desktop\\Learning To Code\\Projects\\Node-JS\\vidly\\node_modules\\mongoose\\lib\\query.js:4990:15)\n    at processTicksAndRejections (node:internal/process/task_queues:96:5)","stringValue":"\"1\"","value":"1","valueType":"string"}
{"level":"info","message":"Listening on port 3000"}
{"level":"info","message":"Connected to mongodb://localhost:27017/vidly_tests"}
{"level":"info","message":"Connected to mongodb://localhost:27017/vidly_tests"}
{"level":"info","message":"Listening on port 3000"}
{"level":"info","message":"Listening on port 3000"}
{"level":"info","message":"Connected to mongodb://localhost:27017/vidly_tests"}
{"level":"info","message":"Listening on port 3000"}
{"level":"info","message":"Connected to mongodb://localhost:27017/vidly_tests"}
{"level":"info","message":"Listening on port 3000"}
{"level":"info","message":"Connected to mongodb://localhost:27017/vidly_tests"}
{"level":"info","message":"Listening on port 3000"}
{"level":"info","message":"Connected to mongodb://localhost:27017/vidly_tests"}
{"level":"info","message":"Listening on port 3000"}
{"level":"info","message":"Connected to mongodb://localhost:27017/vidly_tests"}
{"level":"info","message":"Connected to mongodb://localhost:27017/vidly_tests"}
{"level":"info","message":"Listening on port 3000"}
{"level":"info","message":"Connected to mongodb://localhost:27017/vidly_tests"}
{"level":"info","message":"Connected to mongodb://localhost:27017/vidly_tests"}
{"level":"info","message":"Connected to mongodb://localhost:27017/vidly_tests"}
{"level":"info","message":"Connected to mongodb://localhost:27017/vidly_tests"}
{"level":"info","message":"Listening on port 3000"}
{"level":"info","message":"Connected to mongodb://localhost:27017/vidly_tests"}
{"level":"info","message":"Listening on port 3000"}
{"level":"info","message":"Connected to mongodb://localhost:27017/vidly_tests"}
{"level":"info","message":"Listening on port 3000"}
{"level":"info","message":"Connected to mongodb://localhost:27017/vidly_tests"}
{"level":"info","message":"Listening on port 3000"}
{"level":"info","message":"Connected to mongodb://localhost:27017/vidly_tests"}
{"level":"info","message":"Listening on port 3000"}
{"level":"info","message":"Connected to mongodb://localhost:27017/vidly_tests"}
{"kind":"ObjectId","level":"error","message":"Cast to ObjectId failed for value \"1\" (type string) at path \"_id\" for model \"Genre\" Cast to ObjectId failed for value \"1\" (type string) at path \"_id\" for model \"Genre\"","path":"_id","reason":{},"stack":"CastError: Cast to ObjectId failed for value \"1\" (type string) at path \"_id\" for model \"Genre\"\n    at model.Query.exec (C:\\Users\\andyb\\Desktop\\Learning To Code\\Projects\\Node-JS\\vidly\\node_modules\\mongoose\\lib\\query.js:4891:21)\n    at model.Query.Object.<anonymous>.Query.then (C:\\Users\\andyb\\Desktop\\Learning To Code\\Projects\\Node-JS\\vidly\\node_modules\\mongoose\\lib\\query.js:4990:15)\n    at processTicksAndRejections (node:internal/process/task_queues:96:5)","stringValue":"\"1\"","value":"1","valueType":"string"}
{"level":"info","message":"Listening on port 3000"}
{"level":"info","message":"Connected to mongodb://localhost:27017/vidly_tests"}
{"level":"info","message":"Listening on port 3000"}
{"level":"info","message":"Connected to mongodb://localhost:27017/vidly_tests"}
{"kind":"ObjectId","level":"error","message":"Cast to ObjectId failed for value \"1\" (type string) at path \"_id\" for model \"Genre\" Cast to ObjectId failed for value \"1\" (type string) at path \"_id\" for model \"Genre\"","path":"_id","reason":{},"stack":"CastError: Cast to ObjectId failed for value \"1\" (type string) at path \"_id\" for model \"Genre\"\n    at model.Query.exec (C:\\Users\\andyb\\Desktop\\Learning To Code\\Projects\\Node-JS\\vidly\\node_modules\\mongoose\\lib\\query.js:4891:21)\n    at model.Query.Object.<anonymous>.Query.then (C:\\Users\\andyb\\Desktop\\Learning To Code\\Projects\\Node-JS\\vidly\\node_modules\\mongoose\\lib\\query.js:4990:15)\n    at processTicksAndRejections (node:internal/process/task_queues:96:5)","stringValue":"\"1\"","value":"1","valueType":"string"}
{"level":"info","message":"Listening on port 3000"}
{"level":"info","message":"Connected to mongodb://localhost:27017/vidly_tests"}
{"level":"info","message":"Listening on port 3000"}
{"level":"info","message":"Connected to mongodb://localhost:27017/vidly_tests"}
{"level":"info","message":"Listening on port 3000"}
{"level":"info","message":"Connected to mongodb://localhost:27017/vidly_tests"}
{"level":"info","message":"Listening on port 3000"}
{"level":"info","message":"Connected to mongodb://localhost:27017/vidly_tests"}
{"level":"info","message":"Listening on port 3000"}
{"level":"info","message":"Connected to mongodb://localhost:27017/vidly_tests"}
